<?xml version="1.0" encoding="utf-8" standalone="no"?>
<test-results xmlns:xsi="http://www.w3.org/2001/XMLSchema-instance" xsi:noNamespaceSchemaLocation="nunit_schema_2.5.xsd" name="Pester" total="866" errors="0" failures="0" not-run="4" inconclusive="0" ignored="0" skipped="4" invalid="0" date="2025-03-01" time="13:43:03">
  <environment clr-version="4.0.30319.42000" user-domain="BATTLESTATION" cwd="C:\Celerium\Projects\_API\Celerium.Auvik" platform="Microsoft Windows 11 Pro|C:\WINDOWS|\Device\Harddisk0\Partition3" machine-name="BATTLESTATION" nunit-version="2.5.8.0" os-version="10.0.26100" user="David" />
  <culture-info current-culture="en-US" current-uiculture="en-US" />
  <test-suite type="TestFixture" name="Pester" executed="True" result="Ignored" success="True" time="22.282" asserts="0" description="Pester">
    <results>
      <test-suite type="TestFixture" name="C:\Celerium\Projects\_API\Celerium.Auvik\tests\Celerium.Auvik.Tests.ps1" executed="True" result="Success" success="True" time="0.385" asserts="0" description="C:\Celerium\Projects\_API\Celerium.Auvik\tests\Celerium.Auvik.Tests.ps1">
        <results>
          <test-suite type="TestFixture" name="Testing the [ Built ] version of [ Celerium.Auvik ] with [ Celerium.Auvik.Tests.ps1 ]" executed="True" result="Success" success="True" time="0.2312" asserts="0" description="Testing the [ Built ] version of [ Celerium.Auvik ] with [ Celerium.Auvik.Tests.ps1 ]">
            <results>
              <test-suite type="TestFixture" name="Testing the [ Built ] version of [ Celerium.Auvik ] with [ Celerium.Auvik.Tests.ps1 ].[ Celerium.Auvik.psd1 ] general manifest data" executed="True" result="Success" success="True" time="0.1732" asserts="0" description="Testing the [ Built ] version of [ Celerium.Auvik ] with [ Celerium.Auvik.Tests.ps1 ].[ Celerium.Auvik.psd1 ] general manifest data">
                <results>
                  <test-case description="Manifest [ RootModule ] has valid data" name="Testing the [ Built ] version of [ Celerium.Auvik ] with [ Celerium.Auvik.Tests.ps1 ].[ Celerium.Auvik.psd1 ] general manifest data.Manifest [ RootModule ] has valid data" time="0.01" asserts="0" success="True" result="Success" executed="True" />
                  <test-case description="Manifest [ ModuleVersion ] has valid data" name="Testing the [ Built ] version of [ Celerium.Auvik ] with [ Celerium.Auvik.Tests.ps1 ].[ Celerium.Auvik.psd1 ] general manifest data.Manifest [ ModuleVersion ] has valid data" time="0.0047" asserts="0" success="True" result="Success" executed="True" />
                  <test-case description="Manifest [ GUID ] has valid data" name="Testing the [ Built ] version of [ Celerium.Auvik ] with [ Celerium.Auvik.Tests.ps1 ].[ Celerium.Auvik.psd1 ] general manifest data.Manifest [ GUID ] has valid data" time="0.0246" asserts="0" success="True" result="Success" executed="True" />
                  <test-case description="Manifest [ Author ] has valid data" name="Testing the [ Built ] version of [ Celerium.Auvik ] with [ Celerium.Auvik.Tests.ps1 ].[ Celerium.Auvik.psd1 ] general manifest data.Manifest [ Author ] has valid data" time="0.0059" asserts="0" success="True" result="Success" executed="True" />
                  <test-case description="Manifest [ CompanyName ] has valid data" name="Testing the [ Built ] version of [ Celerium.Auvik ] with [ Celerium.Auvik.Tests.ps1 ].[ Celerium.Auvik.psd1 ] general manifest data.Manifest [ CompanyName ] has valid data" time="0.0068" asserts="0" success="True" result="Success" executed="True" />
                  <test-case description="Manifest [ Copyright ] has valid data" name="Testing the [ Built ] version of [ Celerium.Auvik ] with [ Celerium.Auvik.Tests.ps1 ].[ Celerium.Auvik.psd1 ] general manifest data.Manifest [ Copyright ] has valid data" time="0.0061" asserts="0" success="True" result="Success" executed="True" />
                  <test-case description="Manifest [ Description ] is not empty" name="Testing the [ Built ] version of [ Celerium.Auvik ] with [ Celerium.Auvik.Tests.ps1 ].[ Celerium.Auvik.psd1 ] general manifest data.Manifest [ Description ] is not empty" time="0.0063" asserts="0" success="True" result="Success" executed="True" />
                  <test-case description="Manifest [ PowerShellVersion ] has valid data" name="Testing the [ Built ] version of [ Celerium.Auvik ] with [ Celerium.Auvik.Tests.ps1 ].[ Celerium.Auvik.psd1 ] general manifest data.Manifest [ PowerShellVersion ] has valid data" time="0.0053" asserts="0" success="True" result="Success" executed="True" />
                  <test-case description="Manifest [ NestedModules ] has valid data" name="Testing the [ Built ] version of [ Celerium.Auvik ] with [ Celerium.Auvik.Tests.ps1 ].[ Celerium.Auvik.psd1 ] general manifest data.Manifest [ NestedModules ] has valid data" time="0.0082" asserts="0" success="True" result="Success" executed="True" />
                  <test-case description="Manifest [ FunctionsToExport ] has valid data" name="Testing the [ Built ] version of [ Celerium.Auvik ] with [ Celerium.Auvik.Tests.ps1 ].[ Celerium.Auvik.psd1 ] general manifest data.Manifest [ FunctionsToExport ] has valid data" time="0.0089" asserts="0" success="True" result="Success" executed="True" />
                  <test-case description="Manifest [ CmdletsToExport ] is empty" name="Testing the [ Built ] version of [ Celerium.Auvik ] with [ Celerium.Auvik.Tests.ps1 ].[ Celerium.Auvik.psd1 ] general manifest data.Manifest [ CmdletsToExport ] is empty" time="0.0078" asserts="0" success="True" result="Success" executed="True" />
                  <test-case description="Manifest [ VariablesToExport ] is empty" name="Testing the [ Built ] version of [ Celerium.Auvik ] with [ Celerium.Auvik.Tests.ps1 ].[ Celerium.Auvik.psd1 ] general manifest data.Manifest [ VariablesToExport ] is empty" time="0.0082" asserts="0" success="True" result="Success" executed="True" />
                  <test-case description="Manifest [ AliasesToExport ] has alias" name="Testing the [ Built ] version of [ Celerium.Auvik ] with [ Celerium.Auvik.Tests.ps1 ].[ Celerium.Auvik.psd1 ] general manifest data.Manifest [ AliasesToExport ] has alias" time="0.0088" asserts="0" success="True" result="Success" executed="True" />
                  <test-case description="Manifest [ Tags ] has valid data" name="Testing the [ Built ] version of [ Celerium.Auvik ] with [ Celerium.Auvik.Tests.ps1 ].[ Celerium.Auvik.psd1 ] general manifest data.Manifest [ Tags ] has valid data" time="0.0077" asserts="0" success="True" result="Success" executed="True" />
                  <test-case description="Manifest [ LicenseUri ] has valid data" name="Testing the [ Built ] version of [ Celerium.Auvik ] with [ Celerium.Auvik.Tests.ps1 ].[ Celerium.Auvik.psd1 ] general manifest data.Manifest [ LicenseUri ] has valid data" time="0.0127" asserts="0" success="True" result="Success" executed="True" />
                  <test-case description="Manifest [ ProjectUri ] has valid data" name="Testing the [ Built ] version of [ Celerium.Auvik ] with [ Celerium.Auvik.Tests.ps1 ].[ Celerium.Auvik.psd1 ] general manifest data.Manifest [ ProjectUri ] has valid data" time="0.0056" asserts="0" success="True" result="Success" executed="True" />
                  <test-case description="Manifest [ IconUri ] has valid data" name="Testing the [ Built ] version of [ Celerium.Auvik ] with [ Celerium.Auvik.Tests.ps1 ].[ Celerium.Auvik.psd1 ] general manifest data.Manifest [ IconUri ] has valid data" time="0.006" asserts="0" success="True" result="Success" executed="True" />
                  <test-case description="Manifest [ ReleaseNotes ] has valid data" name="Testing the [ Built ] version of [ Celerium.Auvik ] with [ Celerium.Auvik.Tests.ps1 ].[ Celerium.Auvik.psd1 ] general manifest data.Manifest [ ReleaseNotes ] has valid data" time="0.0059" asserts="0" success="True" result="Success" executed="True" />
                  <test-case description="Manifest [ HelpInfoUri ] is not empty" name="Testing the [ Built ] version of [ Celerium.Auvik ] with [ Celerium.Auvik.Tests.ps1 ].[ Celerium.Auvik.psd1 ] general manifest data.Manifest [ HelpInfoUri ] is not empty" time="0.0045" asserts="0" success="True" result="Success" executed="True" />
                </results>
              </test-suite>
              <test-suite type="TestFixture" name="Testing the [ Built ] version of [ Celerium.Auvik ] with [ Celerium.Auvik.Tests.ps1 ].[ Celerium.Auvik.psd1 ] module import test" executed="True" result="Success" success="True" time="0.2234" asserts="0" description="Testing the [ Built ] version of [ Celerium.Auvik ] with [ Celerium.Auvik.Tests.ps1 ].[ Celerium.Auvik.psd1 ] module import test">
                <results>
                  <test-case description="Module contains only PowerShell files" name="Testing the [ Built ] version of [ Celerium.Auvik ] with [ Celerium.Auvik.Tests.ps1 ].[ Celerium.Auvik.psd1 ] module import test.Module contains only PowerShell files" time="0.0065" asserts="0" success="True" result="Success" executed="True" />
                  <test-case description="Module files exist" name="Testing the [ Built ] version of [ Celerium.Auvik ] with [ Celerium.Auvik.Tests.ps1 ].[ Celerium.Auvik.psd1 ] module import test.Module files exist" time="0.007" asserts="0" success="True" result="Success" executed="True" />
                  <test-case description="Should pass Test-ModuleManifest" name="Testing the [ Built ] version of [ Celerium.Auvik ] with [ Celerium.Auvik.Tests.ps1 ].[ Celerium.Auvik.psd1 ] module import test.Should pass Test-ModuleManifest" time="0.0207" asserts="0" success="True" result="Success" executed="True" />
                  <test-case description="Should import successfully" name="Testing the [ Built ] version of [ Celerium.Auvik ] with [ Celerium.Auvik.Tests.ps1 ].[ Celerium.Auvik.psd1 ] module import test.Should import successfully" time="0.007" asserts="0" success="True" result="Success" executed="True" />
                </results>
              </test-suite>
            </results>
          </test-suite>
        </results>
      </test-suite>
      <test-suite type="TestFixture" name="C:\Celerium\Projects\_API\Celerium.Auvik\tests\HelpComment.Tests.ps1" executed="True" result="Ignored" success="True" time="9.618" asserts="0" description="C:\Celerium\Projects\_API\Celerium.Auvik\tests\HelpComment.Tests.ps1">
        <results>
          <test-suite type="TestFixture" name="Testing the [ Built ] version of [ Celerium.Auvik ] with [ HelpComment.Tests.ps1 ]" executed="True" result="Ignored" success="True" time="4.9093" asserts="0" description="Testing the [ Built ] version of [ Celerium.Auvik ] with [ HelpComment.Tests.ps1 ]">
            <results>
              <test-suite type="TestFixture" name="Testing the [ Built ] version of [ Celerium.Auvik ] with [ HelpComment.Tests.ps1 ].[ Celerium.Auvik ] module help tests" executed="True" result="Success" success="True" time="0.1059" asserts="0" description="Testing the [ Built ] version of [ Celerium.Auvik ] with [ HelpComment.Tests.ps1 ].[ Celerium.Auvik ] module help tests">
                <results>
                  <test-suite type="TestFixture" name="Testing the [ Built ] version of [ Celerium.Auvik ] with [ HelpComment.Tests.ps1 ].[ Celerium.Auvik ] module help tests.[ Add-AuvikAPIKey ]" executed="True" result="Success" success="True" time="0.0983" asserts="0" description="Testing the [ Built ] version of [ Celerium.Auvik ] with [ HelpComment.Tests.ps1 ].[ Celerium.Auvik ] module help tests.[ Add-AuvikAPIKey ]">
                    <results>
                      <test-case description="[ Add-AuvikAPIKey ] contains comment based help" name="Testing the [ Built ] version of [ Celerium.Auvik ] with [ HelpComment.Tests.ps1 ].[ Celerium.Auvik ] module help tests.[ Add-AuvikAPIKey ].[ Add-AuvikAPIKey ] contains comment based help" time="0.0059" asserts="0" success="True" result="Success" executed="True" />
                      <test-case description="[ Add-AuvikAPIKey ] contains a synopsis" name="Testing the [ Built ] version of [ Celerium.Auvik ] with [ HelpComment.Tests.ps1 ].[ Celerium.Auvik ] module help tests.[ Add-AuvikAPIKey ].[ Add-AuvikAPIKey ] contains a synopsis" time="0.005" asserts="0" success="True" result="Success" executed="True" />
                      <test-case description="[ Add-AuvikAPIKey ] contains a description" name="Testing the [ Built ] version of [ Celerium.Auvik ] with [ HelpComment.Tests.ps1 ].[ Celerium.Auvik ] module help tests.[ Add-AuvikAPIKey ].[ Add-AuvikAPIKey ] contains a description" time="0.0052" asserts="0" success="True" result="Success" executed="True" />
                      <test-case description="[ Add-AuvikAPIKey ] contains at least one usage example" name="Testing the [ Built ] version of [ Celerium.Auvik ] with [ HelpComment.Tests.ps1 ].[ Celerium.Auvik ] module help tests.[ Add-AuvikAPIKey ].[ Add-AuvikAPIKey ] contains at least one usage example" time="0.0083" asserts="0" success="True" result="Success" executed="True" />
                      <test-case description="[ Add-AuvikAPIKey ] contains a note" name="Testing the [ Built ] version of [ Celerium.Auvik ] with [ HelpComment.Tests.ps1 ].[ Celerium.Auvik ] module help tests.[ Add-AuvikAPIKey ].[ Add-AuvikAPIKey ] contains a note" time="0.0122" asserts="0" success="True" result="Success" executed="True" />
                      <test-case description="[ Add-AuvikAPIKey ] contains a link" name="Testing the [ Built ] version of [ Celerium.Auvik ] with [ HelpComment.Tests.ps1 ].[ Celerium.Auvik ] module help tests.[ Add-AuvikAPIKey ].[ Add-AuvikAPIKey ] contains a link" time="0.0048" asserts="0" success="True" result="Success" executed="True" />
                      <test-suite type="ParameterizedTest" name="Testing the [ Built ] version of [ Celerium.Auvik ] with [ HelpComment.Tests.ps1 ].[ Celerium.Auvik ] module help tests.[ Add-AuvikAPIKey ].[ Add-AuvikAPIKey ] - Parameter has a description - [ &lt;_.name&gt; ]" executed="True" result="Success" success="True" time="0.0253" asserts="0" description="[ Add-AuvikAPIKey ] - Parameter has a description - [ &lt;_.name&gt; ]">
                        <results>
                          <test-case description="[ Add-AuvikAPIKey ] - Parameter has a description - [ Username ]" name="Testing the [ Built ] version of [ Celerium.Auvik ] with [ HelpComment.Tests.ps1 ].[ Celerium.Auvik ] module help tests.[ Add-AuvikAPIKey ].[ Add-AuvikAPIKey ] - Parameter has a description - [ Username ]" time="0.0051" asserts="0" success="True" result="Success" executed="True" />
                          <test-case description="[ Add-AuvikAPIKey ] - Parameter has a description - [ ApiKey ]" name="Testing the [ Built ] version of [ Celerium.Auvik ] with [ HelpComment.Tests.ps1 ].[ Celerium.Auvik ] module help tests.[ Add-AuvikAPIKey ].[ Add-AuvikAPIKey ] - Parameter has a description - [ ApiKey ]" time="0.005" asserts="0" success="True" result="Success" executed="True" />
                          <test-case description="[ Add-AuvikAPIKey ] - Parameter has a description - [ ApiKeySecureString ]" name="Testing the [ Built ] version of [ Celerium.Auvik ] with [ HelpComment.Tests.ps1 ].[ Celerium.Auvik ] module help tests.[ Add-AuvikAPIKey ].[ Add-AuvikAPIKey ] - Parameter has a description - [ ApiKeySecureString ]" time="0.0052" asserts="0" success="True" result="Success" executed="True" />
                          <test-case description="[ Add-AuvikAPIKey ] - Parameter has a description - [ EncryptedStandardAPIKeyPath ]" name="Testing the [ Built ] version of [ Celerium.Auvik ] with [ HelpComment.Tests.ps1 ].[ Celerium.Auvik ] module help tests.[ Add-AuvikAPIKey ].[ Add-AuvikAPIKey ] - Parameter has a description - [ EncryptedStandardAPIKeyPath ]" time="0.0049" asserts="0" success="True" result="Success" executed="True" />
                          <test-case description="[ Add-AuvikAPIKey ] - Parameter has a description - [ EncryptedStandardAESKeyPath ]" name="Testing the [ Built ] version of [ Celerium.Auvik ] with [ HelpComment.Tests.ps1 ].[ Celerium.Auvik ] module help tests.[ Add-AuvikAPIKey ].[ Add-AuvikAPIKey ] - Parameter has a description - [ EncryptedStandardAESKeyPath ]" time="0.005" asserts="0" success="True" result="Success" executed="True" />
                        </results>
                      </test-suite>
                      <test-suite type="ParameterizedTest" name="Testing the [ Built ] version of [ Celerium.Auvik ] with [ HelpComment.Tests.ps1 ].[ Celerium.Auvik ] module help tests.[ Add-AuvikAPIKey ].[ Add-AuvikAPIKey ] - Example has example code &amp; description   - [ &lt;_.title -replace '-'.''&gt; ]" executed="True" result="Success" success="True" time="0.0202" asserts="0" description="[ Add-AuvikAPIKey ] - Example has example code &amp; description   - [ &lt;_.title -replace '-'.''&gt; ]">
                        <results>
                          <test-case description="[ Add-AuvikAPIKey ] - Example has example code &amp; description   - [  EXAMPLE 1  ]" name="Testing the [ Built ] version of [ Celerium.Auvik ] with [ HelpComment.Tests.ps1 ].[ Celerium.Auvik ] module help tests.[ Add-AuvikAPIKey ].[ Add-AuvikAPIKey ] - Example has example code &amp; description   - [  EXAMPLE 1  ]" time="0.0069" asserts="0" success="True" result="Success" executed="True" />
                          <test-case description="[ Add-AuvikAPIKey ] - Example has example code &amp; description   - [  EXAMPLE 2  ]" name="Testing the [ Built ] version of [ Celerium.Auvik ] with [ HelpComment.Tests.ps1 ].[ Celerium.Auvik ] module help tests.[ Add-AuvikAPIKey ].[ Add-AuvikAPIKey ] - Example has example code &amp; description   - [  EXAMPLE 2  ]" time="0.0064" asserts="0" success="True" result="Success" executed="True" />
                          <test-case description="[ Add-AuvikAPIKey ] - Example has example code &amp; description   - [  EXAMPLE 3  ]" name="Testing the [ Built ] version of [ Celerium.Auvik ] with [ HelpComment.Tests.ps1 ].[ Celerium.Auvik ] module help tests.[ Add-AuvikAPIKey ].[ Add-AuvikAPIKey ] - Example has example code &amp; description   - [  EXAMPLE 3  ]" time="0.007" asserts="0" success="True" result="Success" executed="True" />
                        </results>
                      </test-suite>
                    </results>
                  </test-suite>
                </results>
              </test-suite>
              <test-suite type="TestFixture" name="Testing the [ Built ] version of [ Celerium.Auvik ] with [ HelpComment.Tests.ps1 ].[ Celerium.Auvik ] module help tests" executed="True" result="Success" success="True" time="0.1997" asserts="0" description="Testing the [ Built ] version of [ Celerium.Auvik ] with [ HelpComment.Tests.ps1 ].[ Celerium.Auvik ] module help tests">
                <results>
                  <test-suite type="TestFixture" name="Testing the [ Built ] version of [ Celerium.Auvik ] with [ HelpComment.Tests.ps1 ].[ Celerium.Auvik ] module help tests.[ Add-AuvikBaseURI ]" executed="True" result="Success" success="True" time="0.086" asserts="0" description="Testing the [ Built ] version of [ Celerium.Auvik ] with [ HelpComment.Tests.ps1 ].[ Celerium.Auvik ] module help tests.[ Add-AuvikBaseURI ]">
                    <results>
                      <test-case description="[ Add-AuvikBaseURI ] contains comment based help" name="Testing the [ Built ] version of [ Celerium.Auvik ] with [ HelpComment.Tests.ps1 ].[ Celerium.Auvik ] module help tests.[ Add-AuvikBaseURI ].[ Add-AuvikBaseURI ] contains comment based help" time="0.0051" asserts="0" success="True" result="Success" executed="True" />
                      <test-case description="[ Add-AuvikBaseURI ] contains a synopsis" name="Testing the [ Built ] version of [ Celerium.Auvik ] with [ HelpComment.Tests.ps1 ].[ Celerium.Auvik ] module help tests.[ Add-AuvikBaseURI ].[ Add-AuvikBaseURI ] contains a synopsis" time="0.005" asserts="0" success="True" result="Success" executed="True" />
                      <test-case description="[ Add-AuvikBaseURI ] contains a description" name="Testing the [ Built ] version of [ Celerium.Auvik ] with [ HelpComment.Tests.ps1 ].[ Celerium.Auvik ] module help tests.[ Add-AuvikBaseURI ].[ Add-AuvikBaseURI ] contains a description" time="0.0048" asserts="0" success="True" result="Success" executed="True" />
                      <test-case description="[ Add-AuvikBaseURI ] contains at least one usage example" name="Testing the [ Built ] version of [ Celerium.Auvik ] with [ HelpComment.Tests.ps1 ].[ Celerium.Auvik ] module help tests.[ Add-AuvikBaseURI ].[ Add-AuvikBaseURI ] contains at least one usage example" time="0.006" asserts="0" success="True" result="Success" executed="True" />
                      <test-case description="[ Add-AuvikBaseURI ] contains a note" name="Testing the [ Built ] version of [ Celerium.Auvik ] with [ HelpComment.Tests.ps1 ].[ Celerium.Auvik ] module help tests.[ Add-AuvikBaseURI ].[ Add-AuvikBaseURI ] contains a note" time="0.0047" asserts="0" success="True" result="Success" executed="True" />
                      <test-case description="[ Add-AuvikBaseURI ] contains a link" name="Testing the [ Built ] version of [ Celerium.Auvik ] with [ HelpComment.Tests.ps1 ].[ Celerium.Auvik ] module help tests.[ Add-AuvikBaseURI ].[ Add-AuvikBaseURI ] contains a link" time="0.0091" asserts="0" success="True" result="Success" executed="True" />
                      <test-suite type="ParameterizedTest" name="Testing the [ Built ] version of [ Celerium.Auvik ] with [ HelpComment.Tests.ps1 ].[ Celerium.Auvik ] module help tests.[ Add-AuvikBaseURI ].[ Add-AuvikBaseURI ] - Parameter has a description - [ &lt;_.name&gt; ]" executed="True" result="Success" success="True" time="0.0103" asserts="0" description="[ Add-AuvikBaseURI ] - Parameter has a description - [ &lt;_.name&gt; ]">
                        <results>
                          <test-case description="[ Add-AuvikBaseURI ] - Parameter has a description - [ BaseUri ]" name="Testing the [ Built ] version of [ Celerium.Auvik ] with [ HelpComment.Tests.ps1 ].[ Celerium.Auvik ] module help tests.[ Add-AuvikBaseURI ].[ Add-AuvikBaseURI ] - Parameter has a description - [ BaseUri ]" time="0.0049" asserts="0" success="True" result="Success" executed="True" />
                          <test-case description="[ Add-AuvikBaseURI ] - Parameter has a description - [ DataCenter ]" name="Testing the [ Built ] version of [ Celerium.Auvik ] with [ HelpComment.Tests.ps1 ].[ Celerium.Auvik ] module help tests.[ Add-AuvikBaseURI ].[ Add-AuvikBaseURI ] - Parameter has a description - [ DataCenter ]" time="0.0054" asserts="0" success="True" result="Success" executed="True" />
                        </results>
                      </test-suite>
                      <test-suite type="ParameterizedTest" name="Testing the [ Built ] version of [ Celerium.Auvik ] with [ HelpComment.Tests.ps1 ].[ Celerium.Auvik ] module help tests.[ Add-AuvikBaseURI ].[ Add-AuvikBaseURI ] - Example has example code &amp; description   - [ &lt;_.title -replace '-'.''&gt; ]" executed="True" result="Success" success="True" time="0.0257" asserts="0" description="[ Add-AuvikBaseURI ] - Example has example code &amp; description   - [ &lt;_.title -replace '-'.''&gt; ]">
                        <results>
                          <test-case description="[ Add-AuvikBaseURI ] - Example has example code &amp; description   - [  EXAMPLE 1  ]" name="Testing the [ Built ] version of [ Celerium.Auvik ] with [ HelpComment.Tests.ps1 ].[ Celerium.Auvik ] module help tests.[ Add-AuvikBaseURI ].[ Add-AuvikBaseURI ] - Example has example code &amp; description   - [  EXAMPLE 1  ]" time="0.0063" asserts="0" success="True" result="Success" executed="True" />
                          <test-case description="[ Add-AuvikBaseURI ] - Example has example code &amp; description   - [  EXAMPLE 2  ]" name="Testing the [ Built ] version of [ Celerium.Auvik ] with [ HelpComment.Tests.ps1 ].[ Celerium.Auvik ] module help tests.[ Add-AuvikBaseURI ].[ Add-AuvikBaseURI ] - Example has example code &amp; description   - [  EXAMPLE 2  ]" time="0.0066" asserts="0" success="True" result="Success" executed="True" />
                          <test-case description="[ Add-AuvikBaseURI ] - Example has example code &amp; description   - [  EXAMPLE 3  ]" name="Testing the [ Built ] version of [ Celerium.Auvik ] with [ HelpComment.Tests.ps1 ].[ Celerium.Auvik ] module help tests.[ Add-AuvikBaseURI ].[ Add-AuvikBaseURI ] - Example has example code &amp; description   - [  EXAMPLE 3  ]" time="0.0128" asserts="0" success="True" result="Success" executed="True" />
                        </results>
                      </test-suite>
                    </results>
                  </test-suite>
                </results>
              </test-suite>
              <test-suite type="TestFixture" name="Testing the [ Built ] version of [ Celerium.Auvik ] with [ HelpComment.Tests.ps1 ].[ Celerium.Auvik ] module help tests" executed="True" result="Success" success="True" time="0.2688" asserts="0" description="Testing the [ Built ] version of [ Celerium.Auvik ] with [ HelpComment.Tests.ps1 ].[ Celerium.Auvik ] module help tests">
                <results>
                  <test-suite type="TestFixture" name="Testing the [ Built ] version of [ Celerium.Auvik ] with [ HelpComment.Tests.ps1 ].[ Celerium.Auvik ] module help tests.[ Clear-AuvikAlert ]" executed="True" result="Success" success="True" time="0.0614" asserts="0" description="Testing the [ Built ] version of [ Celerium.Auvik ] with [ HelpComment.Tests.ps1 ].[ Celerium.Auvik ] module help tests.[ Clear-AuvikAlert ]">
                    <results>
                      <test-case description="[ Clear-AuvikAlert ] contains comment based help" name="Testing the [ Built ] version of [ Celerium.Auvik ] with [ HelpComment.Tests.ps1 ].[ Celerium.Auvik ] module help tests.[ Clear-AuvikAlert ].[ Clear-AuvikAlert ] contains comment based help" time="0.0055" asserts="0" success="True" result="Success" executed="True" />
                      <test-case description="[ Clear-AuvikAlert ] contains a synopsis" name="Testing the [ Built ] version of [ Celerium.Auvik ] with [ HelpComment.Tests.ps1 ].[ Celerium.Auvik ] module help tests.[ Clear-AuvikAlert ].[ Clear-AuvikAlert ] contains a synopsis" time="0.0093" asserts="0" success="True" result="Success" executed="True" />
                      <test-case description="[ Clear-AuvikAlert ] contains a description" name="Testing the [ Built ] version of [ Celerium.Auvik ] with [ HelpComment.Tests.ps1 ].[ Celerium.Auvik ] module help tests.[ Clear-AuvikAlert ].[ Clear-AuvikAlert ] contains a description" time="0.0049" asserts="0" success="True" result="Success" executed="True" />
                      <test-case description="[ Clear-AuvikAlert ] contains at least one usage example" name="Testing the [ Built ] version of [ Celerium.Auvik ] with [ HelpComment.Tests.ps1 ].[ Celerium.Auvik ] module help tests.[ Clear-AuvikAlert ].[ Clear-AuvikAlert ] contains at least one usage example" time="0.0064" asserts="0" success="True" result="Success" executed="True" />
                      <test-case description="[ Clear-AuvikAlert ] contains a note" name="Testing the [ Built ] version of [ Celerium.Auvik ] with [ HelpComment.Tests.ps1 ].[ Celerium.Auvik ] module help tests.[ Clear-AuvikAlert ].[ Clear-AuvikAlert ] contains a note" time="0.0046" asserts="0" success="True" result="Success" executed="True" />
                      <test-case description="[ Clear-AuvikAlert ] contains a link" name="Testing the [ Built ] version of [ Celerium.Auvik ] with [ HelpComment.Tests.ps1 ].[ Celerium.Auvik ] module help tests.[ Clear-AuvikAlert ].[ Clear-AuvikAlert ] contains a link" time="0.0048" asserts="0" success="True" result="Success" executed="True" />
                      <test-suite type="ParameterizedTest" name="Testing the [ Built ] version of [ Celerium.Auvik ] with [ HelpComment.Tests.ps1 ].[ Celerium.Auvik ] module help tests.[ Clear-AuvikAlert ].[ Clear-AuvikAlert ] - Parameter has a description - [ &lt;_.name&gt; ]" executed="True" result="Success" success="True" time="0.0094" asserts="0" description="[ Clear-AuvikAlert ] - Parameter has a description - [ &lt;_.name&gt; ]">
                        <results>
                          <test-case description="[ Clear-AuvikAlert ] - Parameter has a description - [ ID ]" name="Testing the [ Built ] version of [ Celerium.Auvik ] with [ HelpComment.Tests.ps1 ].[ Celerium.Auvik ] module help tests.[ Clear-AuvikAlert ].[ Clear-AuvikAlert ] - Parameter has a description - [ ID ]" time="0.0094" asserts="0" success="True" result="Success" executed="True" />
                        </results>
                      </test-suite>
                      <test-suite type="ParameterizedTest" name="Testing the [ Built ] version of [ Celerium.Auvik ] with [ HelpComment.Tests.ps1 ].[ Celerium.Auvik ] module help tests.[ Clear-AuvikAlert ].[ Clear-AuvikAlert ] - Example has example code &amp; description   - [ &lt;_.title -replace '-'.''&gt; ]" executed="True" result="Success" success="True" time="0.0065" asserts="0" description="[ Clear-AuvikAlert ] - Example has example code &amp; description   - [ &lt;_.title -replace '-'.''&gt; ]">
                        <results>
                          <test-case description="[ Clear-AuvikAlert ] - Example has example code &amp; description   - [  EXAMPLE 1  ]" name="Testing the [ Built ] version of [ Celerium.Auvik ] with [ HelpComment.Tests.ps1 ].[ Celerium.Auvik ] module help tests.[ Clear-AuvikAlert ].[ Clear-AuvikAlert ] - Example has example code &amp; description   - [  EXAMPLE 1  ]" time="0.0065" asserts="0" success="True" result="Success" executed="True" />
                        </results>
                      </test-suite>
                    </results>
                  </test-suite>
                </results>
              </test-suite>
              <test-suite type="TestFixture" name="Testing the [ Built ] version of [ Celerium.Auvik ] with [ HelpComment.Tests.ps1 ].[ Celerium.Auvik ] module help tests" executed="True" result="Success" success="True" time="0.3423" asserts="0" description="Testing the [ Built ] version of [ Celerium.Auvik ] with [ HelpComment.Tests.ps1 ].[ Celerium.Auvik ] module help tests">
                <results>
                  <test-suite type="TestFixture" name="Testing the [ Built ] version of [ Celerium.Auvik ] with [ HelpComment.Tests.ps1 ].[ Celerium.Auvik ] module help tests.[ ConvertTo-AuvikQueryString ]" executed="True" result="Success" success="True" time="0.0653" asserts="0" description="Testing the [ Built ] version of [ Celerium.Auvik ] with [ HelpComment.Tests.ps1 ].[ Celerium.Auvik ] module help tests.[ ConvertTo-AuvikQueryString ]">
                    <results>
                      <test-case description="[ ConvertTo-AuvikQueryString ] contains comment based help" name="Testing the [ Built ] version of [ Celerium.Auvik ] with [ HelpComment.Tests.ps1 ].[ Celerium.Auvik ] module help tests.[ ConvertTo-AuvikQueryString ].[ ConvertTo-AuvikQueryString ] contains comment based help" time="0.0052" asserts="0" success="True" result="Success" executed="True" />
                      <test-case description="[ ConvertTo-AuvikQueryString ] contains a synopsis" name="Testing the [ Built ] version of [ Celerium.Auvik ] with [ HelpComment.Tests.ps1 ].[ Celerium.Auvik ] module help tests.[ ConvertTo-AuvikQueryString ].[ ConvertTo-AuvikQueryString ] contains a synopsis" time="0.0088" asserts="0" success="True" result="Success" executed="True" />
                      <test-case description="[ ConvertTo-AuvikQueryString ] contains a description" name="Testing the [ Built ] version of [ Celerium.Auvik ] with [ HelpComment.Tests.ps1 ].[ Celerium.Auvik ] module help tests.[ ConvertTo-AuvikQueryString ].[ ConvertTo-AuvikQueryString ] contains a description" time="0.005" asserts="0" success="True" result="Success" executed="True" />
                      <test-case description="[ ConvertTo-AuvikQueryString ] contains at least one usage example" name="Testing the [ Built ] version of [ Celerium.Auvik ] with [ HelpComment.Tests.ps1 ].[ Celerium.Auvik ] module help tests.[ ConvertTo-AuvikQueryString ].[ ConvertTo-AuvikQueryString ] contains at least one usage example" time="0.0062" asserts="0" success="True" result="Success" executed="True" />
                      <test-case description="[ ConvertTo-AuvikQueryString ] contains a note" name="Testing the [ Built ] version of [ Celerium.Auvik ] with [ HelpComment.Tests.ps1 ].[ Celerium.Auvik ] module help tests.[ ConvertTo-AuvikQueryString ].[ ConvertTo-AuvikQueryString ] contains a note" time="0.0046" asserts="0" success="True" result="Success" executed="True" />
                      <test-case description="[ ConvertTo-AuvikQueryString ] contains a link" name="Testing the [ Built ] version of [ Celerium.Auvik ] with [ HelpComment.Tests.ps1 ].[ Celerium.Auvik ] module help tests.[ ConvertTo-AuvikQueryString ].[ ConvertTo-AuvikQueryString ] contains a link" time="0.0048" asserts="0" success="True" result="Success" executed="True" />
                      <test-suite type="ParameterizedTest" name="Testing the [ Built ] version of [ Celerium.Auvik ] with [ HelpComment.Tests.ps1 ].[ Celerium.Auvik ] module help tests.[ ConvertTo-AuvikQueryString ].[ ConvertTo-AuvikQueryString ] - Parameter has a description - [ &lt;_.name&gt; ]" executed="True" result="Success" success="True" time="0.0142" asserts="0" description="[ ConvertTo-AuvikQueryString ] - Parameter has a description - [ &lt;_.name&gt; ]">
                        <results>
                          <test-case description="[ ConvertTo-AuvikQueryString ] - Parameter has a description - [ UriFilter ]" name="Testing the [ Built ] version of [ Celerium.Auvik ] with [ HelpComment.Tests.ps1 ].[ Celerium.Auvik ] module help tests.[ ConvertTo-AuvikQueryString ].[ ConvertTo-AuvikQueryString ] - Parameter has a description - [ UriFilter ]" time="0.0091" asserts="0" success="True" result="Success" executed="True" />
                          <test-case description="[ ConvertTo-AuvikQueryString ] - Parameter has a description - [ ResourceUri ]" name="Testing the [ Built ] version of [ Celerium.Auvik ] with [ HelpComment.Tests.ps1 ].[ Celerium.Auvik ] module help tests.[ ConvertTo-AuvikQueryString ].[ ConvertTo-AuvikQueryString ] - Parameter has a description - [ ResourceUri ]" time="0.0051" asserts="0" success="True" result="Success" executed="True" />
                        </results>
                      </test-suite>
                      <test-suite type="ParameterizedTest" name="Testing the [ Built ] version of [ Celerium.Auvik ] with [ HelpComment.Tests.ps1 ].[ Celerium.Auvik ] module help tests.[ ConvertTo-AuvikQueryString ].[ ConvertTo-AuvikQueryString ] - Example has example code &amp; description   - [ &lt;_.title -replace '-'.''&gt; ]" executed="True" result="Success" success="True" time="0.0065" asserts="0" description="[ ConvertTo-AuvikQueryString ] - Example has example code &amp; description   - [ &lt;_.title -replace '-'.''&gt; ]">
                        <results>
                          <test-case description="[ ConvertTo-AuvikQueryString ] - Example has example code &amp; description   - [  EXAMPLE 1  ]" name="Testing the [ Built ] version of [ Celerium.Auvik ] with [ HelpComment.Tests.ps1 ].[ Celerium.Auvik ] module help tests.[ ConvertTo-AuvikQueryString ].[ ConvertTo-AuvikQueryString ] - Example has example code &amp; description   - [  EXAMPLE 1  ]" time="0.0065" asserts="0" success="True" result="Success" executed="True" />
                        </results>
                      </test-suite>
                    </results>
                  </test-suite>
                </results>
              </test-suite>
              <test-suite type="TestFixture" name="Testing the [ Built ] version of [ Celerium.Auvik ] with [ HelpComment.Tests.ps1 ].[ Celerium.Auvik ] module help tests" executed="True" result="Success" success="True" time="0.4323" asserts="0" description="Testing the [ Built ] version of [ Celerium.Auvik ] with [ HelpComment.Tests.ps1 ].[ Celerium.Auvik ] module help tests">
                <results>
                  <test-suite type="TestFixture" name="Testing the [ Built ] version of [ Celerium.Auvik ] with [ HelpComment.Tests.ps1 ].[ Celerium.Auvik ] module help tests.[ Export-AuvikModuleSetting ]" executed="True" result="Success" success="True" time="0.0781" asserts="0" description="Testing the [ Built ] version of [ Celerium.Auvik ] with [ HelpComment.Tests.ps1 ].[ Celerium.Auvik ] module help tests.[ Export-AuvikModuleSetting ]">
                    <results>
                      <test-case description="[ Export-AuvikModuleSetting ] contains comment based help" name="Testing the [ Built ] version of [ Celerium.Auvik ] with [ HelpComment.Tests.ps1 ].[ Celerium.Auvik ] module help tests.[ Export-AuvikModuleSetting ].[ Export-AuvikModuleSetting ] contains comment based help" time="0.0093" asserts="0" success="True" result="Success" executed="True" />
                      <test-case description="[ Export-AuvikModuleSetting ] contains a synopsis" name="Testing the [ Built ] version of [ Celerium.Auvik ] with [ HelpComment.Tests.ps1 ].[ Celerium.Auvik ] module help tests.[ Export-AuvikModuleSetting ].[ Export-AuvikModuleSetting ] contains a synopsis" time="0.0049" asserts="0" success="True" result="Success" executed="True" />
                      <test-case description="[ Export-AuvikModuleSetting ] contains a description" name="Testing the [ Built ] version of [ Celerium.Auvik ] with [ HelpComment.Tests.ps1 ].[ Celerium.Auvik ] module help tests.[ Export-AuvikModuleSetting ].[ Export-AuvikModuleSetting ] contains a description" time="0.0046" asserts="0" success="True" result="Success" executed="True" />
                      <test-case description="[ Export-AuvikModuleSetting ] contains at least one usage example" name="Testing the [ Built ] version of [ Celerium.Auvik ] with [ HelpComment.Tests.ps1 ].[ Celerium.Auvik ] module help tests.[ Export-AuvikModuleSetting ].[ Export-AuvikModuleSetting ] contains at least one usage example" time="0.006" asserts="0" success="True" result="Success" executed="True" />
                      <test-case description="[ Export-AuvikModuleSetting ] contains a note" name="Testing the [ Built ] version of [ Celerium.Auvik ] with [ HelpComment.Tests.ps1 ].[ Celerium.Auvik ] module help tests.[ Export-AuvikModuleSetting ].[ Export-AuvikModuleSetting ] contains a note" time="0.0047" asserts="0" success="True" result="Success" executed="True" />
                      <test-case description="[ Export-AuvikModuleSetting ] contains a link" name="Testing the [ Built ] version of [ Celerium.Auvik ] with [ HelpComment.Tests.ps1 ].[ Celerium.Auvik ] module help tests.[ Export-AuvikModuleSetting ].[ Export-AuvikModuleSetting ] contains a link" time="0.0091" asserts="0" success="True" result="Success" executed="True" />
                      <test-suite type="ParameterizedTest" name="Testing the [ Built ] version of [ Celerium.Auvik ] with [ HelpComment.Tests.ps1 ].[ Celerium.Auvik ] module help tests.[ Export-AuvikModuleSetting ].[ Export-AuvikModuleSetting ] - Parameter has a description - [ &lt;_.name&gt; ]" executed="True" result="Success" success="True" time="0.0165" asserts="0" description="[ Export-AuvikModuleSetting ] - Parameter has a description - [ &lt;_.name&gt; ]">
                        <results>
                          <test-case description="[ Export-AuvikModuleSetting ] - Parameter has a description - [ AuvikConfPath ]" name="Testing the [ Built ] version of [ Celerium.Auvik ] with [ HelpComment.Tests.ps1 ].[ Celerium.Auvik ] module help tests.[ Export-AuvikModuleSetting ].[ Export-AuvikModuleSetting ] - Parameter has a description - [ AuvikConfPath ]" time="0.0115" asserts="0" success="True" result="Success" executed="True" />
                          <test-case description="[ Export-AuvikModuleSetting ] - Parameter has a description - [ AuvikConfFile ]" name="Testing the [ Built ] version of [ Celerium.Auvik ] with [ HelpComment.Tests.ps1 ].[ Celerium.Auvik ] module help tests.[ Export-AuvikModuleSetting ].[ Export-AuvikModuleSetting ] - Parameter has a description - [ AuvikConfFile ]" time="0.005" asserts="0" success="True" result="Success" executed="True" />
                        </results>
                      </test-suite>
                      <test-suite type="ParameterizedTest" name="Testing the [ Built ] version of [ Celerium.Auvik ] with [ HelpComment.Tests.ps1 ].[ Celerium.Auvik ] module help tests.[ Export-AuvikModuleSetting ].[ Export-AuvikModuleSetting ] - Example has example code &amp; description   - [ &lt;_.title -replace '-'.''&gt; ]" executed="True" result="Success" success="True" time="0.0126" asserts="0" description="[ Export-AuvikModuleSetting ] - Example has example code &amp; description   - [ &lt;_.title -replace '-'.''&gt; ]">
                        <results>
                          <test-case description="[ Export-AuvikModuleSetting ] - Example has example code &amp; description   - [  EXAMPLE 1  ]" name="Testing the [ Built ] version of [ Celerium.Auvik ] with [ HelpComment.Tests.ps1 ].[ Celerium.Auvik ] module help tests.[ Export-AuvikModuleSetting ].[ Export-AuvikModuleSetting ] - Example has example code &amp; description   - [  EXAMPLE 1  ]" time="0.0064" asserts="0" success="True" result="Success" executed="True" />
                          <test-case description="[ Export-AuvikModuleSetting ] - Example has example code &amp; description   - [  EXAMPLE 2  ]" name="Testing the [ Built ] version of [ Celerium.Auvik ] with [ HelpComment.Tests.ps1 ].[ Celerium.Auvik ] module help tests.[ Export-AuvikModuleSetting ].[ Export-AuvikModuleSetting ] - Example has example code &amp; description   - [  EXAMPLE 2  ]" time="0.0063" asserts="0" success="True" result="Success" executed="True" />
                        </results>
                      </test-suite>
                    </results>
                  </test-suite>
                </results>
              </test-suite>
              <test-suite type="TestFixture" name="Testing the [ Built ] version of [ Celerium.Auvik ] with [ HelpComment.Tests.ps1 ].[ Celerium.Auvik ] module help tests" executed="True" result="Success" success="True" time="0.5998" asserts="0" description="Testing the [ Built ] version of [ Celerium.Auvik ] with [ HelpComment.Tests.ps1 ].[ Celerium.Auvik ] module help tests">
                <results>
                  <test-suite type="TestFixture" name="Testing the [ Built ] version of [ Celerium.Auvik ] with [ HelpComment.Tests.ps1 ].[ Celerium.Auvik ] module help tests.[ Get-AuvikAlert ]" executed="True" result="Success" success="True" time="0.1562" asserts="0" description="Testing the [ Built ] version of [ Celerium.Auvik ] with [ HelpComment.Tests.ps1 ].[ Celerium.Auvik ] module help tests.[ Get-AuvikAlert ]">
                    <results>
                      <test-case description="[ Get-AuvikAlert ] contains comment based help" name="Testing the [ Built ] version of [ Celerium.Auvik ] with [ HelpComment.Tests.ps1 ].[ Celerium.Auvik ] module help tests.[ Get-AuvikAlert ].[ Get-AuvikAlert ] contains comment based help" time="0.0052" asserts="0" success="True" result="Success" executed="True" />
                      <test-case description="[ Get-AuvikAlert ] contains a synopsis" name="Testing the [ Built ] version of [ Celerium.Auvik ] with [ HelpComment.Tests.ps1 ].[ Celerium.Auvik ] module help tests.[ Get-AuvikAlert ].[ Get-AuvikAlert ] contains a synopsis" time="0.0046" asserts="0" success="True" result="Success" executed="True" />
                      <test-case description="[ Get-AuvikAlert ] contains a description" name="Testing the [ Built ] version of [ Celerium.Auvik ] with [ HelpComment.Tests.ps1 ].[ Celerium.Auvik ] module help tests.[ Get-AuvikAlert ].[ Get-AuvikAlert ] contains a description" time="0.0045" asserts="0" success="True" result="Success" executed="True" />
                      <test-case description="[ Get-AuvikAlert ] contains at least one usage example" name="Testing the [ Built ] version of [ Celerium.Auvik ] with [ HelpComment.Tests.ps1 ].[ Celerium.Auvik ] module help tests.[ Get-AuvikAlert ].[ Get-AuvikAlert ] contains at least one usage example" time="0.0061" asserts="0" success="True" result="Success" executed="True" />
                      <test-case description="[ Get-AuvikAlert ] contains a note" name="Testing the [ Built ] version of [ Celerium.Auvik ] with [ HelpComment.Tests.ps1 ].[ Celerium.Auvik ] module help tests.[ Get-AuvikAlert ].[ Get-AuvikAlert ] contains a note" time="0.0113" asserts="0" success="True" result="Success" executed="True" />
                      <test-case description="[ Get-AuvikAlert ] contains a link" name="Testing the [ Built ] version of [ Celerium.Auvik ] with [ HelpComment.Tests.ps1 ].[ Celerium.Auvik ] module help tests.[ Get-AuvikAlert ].[ Get-AuvikAlert ] contains a link" time="0.0047" asserts="0" success="True" result="Success" executed="True" />
                      <test-suite type="ParameterizedTest" name="Testing the [ Built ] version of [ Celerium.Auvik ] with [ HelpComment.Tests.ps1 ].[ Celerium.Auvik ] module help tests.[ Get-AuvikAlert ].[ Get-AuvikAlert ] - Parameter has a description - [ &lt;_.name&gt; ]" executed="True" result="Success" success="True" time="0.0876" asserts="0" description="[ Get-AuvikAlert ] - Parameter has a description - [ &lt;_.name&gt; ]">
                        <results>
                          <test-case description="[ Get-AuvikAlert ] - Parameter has a description - [ ID ]" name="Testing the [ Built ] version of [ Celerium.Auvik ] with [ HelpComment.Tests.ps1 ].[ Celerium.Auvik ] module help tests.[ Get-AuvikAlert ].[ Get-AuvikAlert ] - Parameter has a description - [ ID ]" time="0.0053" asserts="0" success="True" result="Success" executed="True" />
                          <test-case description="[ Get-AuvikAlert ] - Parameter has a description - [ Tenants ]" name="Testing the [ Built ] version of [ Celerium.Auvik ] with [ HelpComment.Tests.ps1 ].[ Celerium.Auvik ] module help tests.[ Get-AuvikAlert ].[ Get-AuvikAlert ] - Parameter has a description - [ Tenants ]" time="0.005" asserts="0" success="True" result="Success" executed="True" />
                          <test-case description="[ Get-AuvikAlert ] - Parameter has a description - [ FilterAlertDefinitionId ]" name="Testing the [ Built ] version of [ Celerium.Auvik ] with [ HelpComment.Tests.ps1 ].[ Celerium.Auvik ] module help tests.[ Get-AuvikAlert ].[ Get-AuvikAlert ] - Parameter has a description - [ FilterAlertDefinitionId ]" time="0.005" asserts="0" success="True" result="Success" executed="True" />
                          <test-case description="[ Get-AuvikAlert ] - Parameter has a description - [ FilterSeverity ]" name="Testing the [ Built ] version of [ Celerium.Auvik ] with [ HelpComment.Tests.ps1 ].[ Celerium.Auvik ] module help tests.[ Get-AuvikAlert ].[ Get-AuvikAlert ] - Parameter has a description - [ FilterSeverity ]" time="0.0091" asserts="0" success="True" result="Success" executed="True" />
                          <test-case description="[ Get-AuvikAlert ] - Parameter has a description - [ FilterStatus ]" name="Testing the [ Built ] version of [ Celerium.Auvik ] with [ HelpComment.Tests.ps1 ].[ Celerium.Auvik ] module help tests.[ Get-AuvikAlert ].[ Get-AuvikAlert ] - Parameter has a description - [ FilterStatus ]" time="0.0052" asserts="0" success="True" result="Success" executed="True" />
                          <test-case description="[ Get-AuvikAlert ] - Parameter has a description - [ FilterEntityId ]" name="Testing the [ Built ] version of [ Celerium.Auvik ] with [ HelpComment.Tests.ps1 ].[ Celerium.Auvik ] module help tests.[ Get-AuvikAlert ].[ Get-AuvikAlert ] - Parameter has a description - [ FilterEntityId ]" time="0.0052" asserts="0" success="True" result="Success" executed="True" />
                          <test-case description="[ Get-AuvikAlert ] - Parameter has a description - [ FilterDismissed ]" name="Testing the [ Built ] version of [ Celerium.Auvik ] with [ HelpComment.Tests.ps1 ].[ Celerium.Auvik ] module help tests.[ Get-AuvikAlert ].[ Get-AuvikAlert ] - Parameter has a description - [ FilterDismissed ]" time="0.005" asserts="0" success="True" result="Success" executed="True" />
                          <test-case description="[ Get-AuvikAlert ] - Parameter has a description - [ FilterDispatched ]" name="Testing the [ Built ] version of [ Celerium.Auvik ] with [ HelpComment.Tests.ps1 ].[ Celerium.Auvik ] module help tests.[ Get-AuvikAlert ].[ Get-AuvikAlert ] - Parameter has a description - [ FilterDispatched ]" time="0.0049" asserts="0" success="True" result="Success" executed="True" />
                          <test-case description="[ Get-AuvikAlert ] - Parameter has a description - [ FilterDetectedTimeAfter ]" name="Testing the [ Built ] version of [ Celerium.Auvik ] with [ HelpComment.Tests.ps1 ].[ Celerium.Auvik ] module help tests.[ Get-AuvikAlert ].[ Get-AuvikAlert ] - Parameter has a description - [ FilterDetectedTimeAfter ]" time="0.0051" asserts="0" success="True" result="Success" executed="True" />
                          <test-case description="[ Get-AuvikAlert ] - Parameter has a description - [ FilterDetectedTimeBefore ]" name="Testing the [ Built ] version of [ Celerium.Auvik ] with [ HelpComment.Tests.ps1 ].[ Celerium.Auvik ] module help tests.[ Get-AuvikAlert ].[ Get-AuvikAlert ] - Parameter has a description - [ FilterDetectedTimeBefore ]" time="0.0087" asserts="0" success="True" result="Success" executed="True" />
                          <test-case description="[ Get-AuvikAlert ] - Parameter has a description - [ PageFirst ]" name="Testing the [ Built ] version of [ Celerium.Auvik ] with [ HelpComment.Tests.ps1 ].[ Celerium.Auvik ] module help tests.[ Get-AuvikAlert ].[ Get-AuvikAlert ] - Parameter has a description - [ PageFirst ]" time="0.0052" asserts="0" success="True" result="Success" executed="True" />
                          <test-case description="[ Get-AuvikAlert ] - Parameter has a description - [ PageAfter ]" name="Testing the [ Built ] version of [ Celerium.Auvik ] with [ HelpComment.Tests.ps1 ].[ Celerium.Auvik ] module help tests.[ Get-AuvikAlert ].[ Get-AuvikAlert ] - Parameter has a description - [ PageAfter ]" time="0.0051" asserts="0" success="True" result="Success" executed="True" />
                          <test-case description="[ Get-AuvikAlert ] - Parameter has a description - [ PageLast ]" name="Testing the [ Built ] version of [ Celerium.Auvik ] with [ HelpComment.Tests.ps1 ].[ Celerium.Auvik ] module help tests.[ Get-AuvikAlert ].[ Get-AuvikAlert ] - Parameter has a description - [ PageLast ]" time="0.0049" asserts="0" success="True" result="Success" executed="True" />
                          <test-case description="[ Get-AuvikAlert ] - Parameter has a description - [ PageBefore ]" name="Testing the [ Built ] version of [ Celerium.Auvik ] with [ HelpComment.Tests.ps1 ].[ Celerium.Auvik ] module help tests.[ Get-AuvikAlert ].[ Get-AuvikAlert ] - Parameter has a description - [ PageBefore ]" time="0.0048" asserts="0" success="True" result="Success" executed="True" />
                          <test-case description="[ Get-AuvikAlert ] - Parameter has a description - [ AllResults ]" name="Testing the [ Built ] version of [ Celerium.Auvik ] with [ HelpComment.Tests.ps1 ].[ Celerium.Auvik ] module help tests.[ Get-AuvikAlert ].[ Get-AuvikAlert ] - Parameter has a description - [ AllResults ]" time="0.0092" asserts="0" success="True" result="Success" executed="True" />
                        </results>
                      </test-suite>
                      <test-suite type="ParameterizedTest" name="Testing the [ Built ] version of [ Celerium.Auvik ] with [ HelpComment.Tests.ps1 ].[ Celerium.Auvik ] module help tests.[ Get-AuvikAlert ].[ Get-AuvikAlert ] - Example has example code &amp; description   - [ &lt;_.title -replace '-'.''&gt; ]" executed="True" result="Success" success="True" time="0.0188" asserts="0" description="[ Get-AuvikAlert ] - Example has example code &amp; description   - [ &lt;_.title -replace '-'.''&gt; ]">
                        <results>
                          <test-case description="[ Get-AuvikAlert ] - Example has example code &amp; description   - [  EXAMPLE 1  ]" name="Testing the [ Built ] version of [ Celerium.Auvik ] with [ HelpComment.Tests.ps1 ].[ Celerium.Auvik ] module help tests.[ Get-AuvikAlert ].[ Get-AuvikAlert ] - Example has example code &amp; description   - [  EXAMPLE 1  ]" time="0.0063" asserts="0" success="True" result="Success" executed="True" />
                          <test-case description="[ Get-AuvikAlert ] - Example has example code &amp; description   - [  EXAMPLE 2  ]" name="Testing the [ Built ] version of [ Celerium.Auvik ] with [ HelpComment.Tests.ps1 ].[ Celerium.Auvik ] module help tests.[ Get-AuvikAlert ].[ Get-AuvikAlert ] - Example has example code &amp; description   - [  EXAMPLE 2  ]" time="0.0064" asserts="0" success="True" result="Success" executed="True" />
                          <test-case description="[ Get-AuvikAlert ] - Example has example code &amp; description   - [  EXAMPLE 3  ]" name="Testing the [ Built ] version of [ Celerium.Auvik ] with [ HelpComment.Tests.ps1 ].[ Celerium.Auvik ] module help tests.[ Get-AuvikAlert ].[ Get-AuvikAlert ] - Example has example code &amp; description   - [  EXAMPLE 3  ]" time="0.0062" asserts="0" success="True" result="Success" executed="True" />
                        </results>
                      </test-suite>
                    </results>
                  </test-suite>
                </results>
              </test-suite>
              <test-suite type="TestFixture" name="Testing the [ Built ] version of [ Celerium.Auvik ] with [ HelpComment.Tests.ps1 ].[ Celerium.Auvik ] module help tests" executed="True" result="Success" success="True" time="0.673" asserts="0" description="Testing the [ Built ] version of [ Celerium.Auvik ] with [ HelpComment.Tests.ps1 ].[ Celerium.Auvik ] module help tests">
                <results>
                  <test-suite type="TestFixture" name="Testing the [ Built ] version of [ Celerium.Auvik ] with [ HelpComment.Tests.ps1 ].[ Celerium.Auvik ] module help tests.[ Get-AuvikAPIKey ]" executed="True" result="Success" success="True" time="0.0654" asserts="0" description="Testing the [ Built ] version of [ Celerium.Auvik ] with [ HelpComment.Tests.ps1 ].[ Celerium.Auvik ] module help tests.[ Get-AuvikAPIKey ]">
                    <results>
                      <test-case description="[ Get-AuvikAPIKey ] contains comment based help" name="Testing the [ Built ] version of [ Celerium.Auvik ] with [ HelpComment.Tests.ps1 ].[ Celerium.Auvik ] module help tests.[ Get-AuvikAPIKey ].[ Get-AuvikAPIKey ] contains comment based help" time="0.0054" asserts="0" success="True" result="Success" executed="True" />
                      <test-case description="[ Get-AuvikAPIKey ] contains a synopsis" name="Testing the [ Built ] version of [ Celerium.Auvik ] with [ HelpComment.Tests.ps1 ].[ Celerium.Auvik ] module help tests.[ Get-AuvikAPIKey ].[ Get-AuvikAPIKey ] contains a synopsis" time="0.0048" asserts="0" success="True" result="Success" executed="True" />
                      <test-case description="[ Get-AuvikAPIKey ] contains a description" name="Testing the [ Built ] version of [ Celerium.Auvik ] with [ HelpComment.Tests.ps1 ].[ Celerium.Auvik ] module help tests.[ Get-AuvikAPIKey ].[ Get-AuvikAPIKey ] contains a description" time="0.0047" asserts="0" success="True" result="Success" executed="True" />
                      <test-case description="[ Get-AuvikAPIKey ] contains at least one usage example" name="Testing the [ Built ] version of [ Celerium.Auvik ] with [ HelpComment.Tests.ps1 ].[ Celerium.Auvik ] module help tests.[ Get-AuvikAPIKey ].[ Get-AuvikAPIKey ] contains at least one usage example" time="0.0063" asserts="0" success="True" result="Success" executed="True" />
                      <test-case description="[ Get-AuvikAPIKey ] contains a note" name="Testing the [ Built ] version of [ Celerium.Auvik ] with [ HelpComment.Tests.ps1 ].[ Celerium.Auvik ] module help tests.[ Get-AuvikAPIKey ].[ Get-AuvikAPIKey ] contains a note" time="0.0048" asserts="0" success="True" result="Success" executed="True" />
                      <test-case description="[ Get-AuvikAPIKey ] contains a link" name="Testing the [ Built ] version of [ Celerium.Auvik ] with [ HelpComment.Tests.ps1 ].[ Celerium.Auvik ] module help tests.[ Get-AuvikAPIKey ].[ Get-AuvikAPIKey ] contains a link" time="0.0046" asserts="0" success="True" result="Success" executed="True" />
                      <test-suite type="ParameterizedTest" name="Testing the [ Built ] version of [ Celerium.Auvik ] with [ HelpComment.Tests.ps1 ].[ Celerium.Auvik ] module help tests.[ Get-AuvikAPIKey ].[ Get-AuvikAPIKey ] - Parameter has a description - [ &lt;_.name&gt; ]" executed="True" result="Success" success="True" time="0.0051" asserts="0" description="[ Get-AuvikAPIKey ] - Parameter has a description - [ &lt;_.name&gt; ]">
                        <results>
                          <test-case description="[ Get-AuvikAPIKey ] - Parameter has a description - [ AsPlainText ]" name="Testing the [ Built ] version of [ Celerium.Auvik ] with [ HelpComment.Tests.ps1 ].[ Celerium.Auvik ] module help tests.[ Get-AuvikAPIKey ].[ Get-AuvikAPIKey ] - Parameter has a description - [ AsPlainText ]" time="0.0051" asserts="0" success="True" result="Success" executed="True" />
                        </results>
                      </test-suite>
                      <test-suite type="ParameterizedTest" name="Testing the [ Built ] version of [ Celerium.Auvik ] with [ HelpComment.Tests.ps1 ].[ Celerium.Auvik ] module help tests.[ Get-AuvikAPIKey ].[ Get-AuvikAPIKey ] - Example has example code &amp; description   - [ &lt;_.title -replace '-'.''&gt; ]" executed="True" result="Success" success="True" time="0.0125" asserts="0" description="[ Get-AuvikAPIKey ] - Example has example code &amp; description   - [ &lt;_.title -replace '-'.''&gt; ]">
                        <results>
                          <test-case description="[ Get-AuvikAPIKey ] - Example has example code &amp; description   - [  EXAMPLE 1  ]" name="Testing the [ Built ] version of [ Celerium.Auvik ] with [ HelpComment.Tests.ps1 ].[ Celerium.Auvik ] module help tests.[ Get-AuvikAPIKey ].[ Get-AuvikAPIKey ] - Example has example code &amp; description   - [  EXAMPLE 1  ]" time="0.0062" asserts="0" success="True" result="Success" executed="True" />
                          <test-case description="[ Get-AuvikAPIKey ] - Example has example code &amp; description   - [  EXAMPLE 2  ]" name="Testing the [ Built ] version of [ Celerium.Auvik ] with [ HelpComment.Tests.ps1 ].[ Celerium.Auvik ] module help tests.[ Get-AuvikAPIKey ].[ Get-AuvikAPIKey ] - Example has example code &amp; description   - [  EXAMPLE 2  ]" time="0.0063" asserts="0" success="True" result="Success" executed="True" />
                        </results>
                      </test-suite>
                    </results>
                  </test-suite>
                </results>
              </test-suite>
              <test-suite type="TestFixture" name="Testing the [ Built ] version of [ Celerium.Auvik ] with [ HelpComment.Tests.ps1 ].[ Celerium.Auvik ] module help tests" executed="True" result="Success" success="True" time="0.8128" asserts="0" description="Testing the [ Built ] version of [ Celerium.Auvik ] with [ HelpComment.Tests.ps1 ].[ Celerium.Auvik ] module help tests">
                <results>
                  <test-suite type="TestFixture" name="Testing the [ Built ] version of [ Celerium.Auvik ] with [ HelpComment.Tests.ps1 ].[ Celerium.Auvik ] module help tests.[ Get-AuvikASMApplication ]" executed="True" result="Success" success="True" time="0.1318" asserts="0" description="Testing the [ Built ] version of [ Celerium.Auvik ] with [ HelpComment.Tests.ps1 ].[ Celerium.Auvik ] module help tests.[ Get-AuvikASMApplication ]">
                    <results>
                      <test-case description="[ Get-AuvikASMApplication ] contains comment based help" name="Testing the [ Built ] version of [ Celerium.Auvik ] with [ HelpComment.Tests.ps1 ].[ Celerium.Auvik ] module help tests.[ Get-AuvikASMApplication ].[ Get-AuvikASMApplication ] contains comment based help" time="0.005" asserts="0" success="True" result="Success" executed="True" />
                      <test-case description="[ Get-AuvikASMApplication ] contains a synopsis" name="Testing the [ Built ] version of [ Celerium.Auvik ] with [ HelpComment.Tests.ps1 ].[ Celerium.Auvik ] module help tests.[ Get-AuvikASMApplication ].[ Get-AuvikASMApplication ] contains a synopsis" time="0.0045" asserts="0" success="True" result="Success" executed="True" />
                      <test-case description="[ Get-AuvikASMApplication ] contains a description" name="Testing the [ Built ] version of [ Celerium.Auvik ] with [ HelpComment.Tests.ps1 ].[ Celerium.Auvik ] module help tests.[ Get-AuvikASMApplication ].[ Get-AuvikASMApplication ] contains a description" time="0.0089" asserts="0" success="True" result="Success" executed="True" />
                      <test-case description="[ Get-AuvikASMApplication ] contains at least one usage example" name="Testing the [ Built ] version of [ Celerium.Auvik ] with [ HelpComment.Tests.ps1 ].[ Celerium.Auvik ] module help tests.[ Get-AuvikASMApplication ].[ Get-AuvikASMApplication ] contains at least one usage example" time="0.0061" asserts="0" success="True" result="Success" executed="True" />
                      <test-case description="[ Get-AuvikASMApplication ] contains a note" name="Testing the [ Built ] version of [ Celerium.Auvik ] with [ HelpComment.Tests.ps1 ].[ Celerium.Auvik ] module help tests.[ Get-AuvikASMApplication ].[ Get-AuvikASMApplication ] contains a note" time="0.0048" asserts="0" success="True" result="Success" executed="True" />
                      <test-case description="[ Get-AuvikASMApplication ] contains a link" name="Testing the [ Built ] version of [ Celerium.Auvik ] with [ HelpComment.Tests.ps1 ].[ Celerium.Auvik ] module help tests.[ Get-AuvikASMApplication ].[ Get-AuvikASMApplication ] contains a link" time="0.0047" asserts="0" success="True" result="Success" executed="True" />
                      <test-suite type="ParameterizedTest" name="Testing the [ Built ] version of [ Celerium.Auvik ] with [ HelpComment.Tests.ps1 ].[ Celerium.Auvik ] module help tests.[ Get-AuvikASMApplication ].[ Get-AuvikASMApplication ] - Parameter has a description - [ &lt;_.name&gt; ]" executed="True" result="Success" success="True" time="0.0679" asserts="0" description="[ Get-AuvikASMApplication ] - Parameter has a description - [ &lt;_.name&gt; ]">
                        <results>
                          <test-case description="[ Get-AuvikASMApplication ] - Parameter has a description - [ FilterClientId ]" name="Testing the [ Built ] version of [ Celerium.Auvik ] with [ HelpComment.Tests.ps1 ].[ Celerium.Auvik ] module help tests.[ Get-AuvikASMApplication ].[ Get-AuvikASMApplication ] - Parameter has a description - [ FilterClientId ]" time="0.0049" asserts="0" success="True" result="Success" executed="True" />
                          <test-case description="[ Get-AuvikASMApplication ] - Parameter has a description - [ FilterDateAddedBefore ]" name="Testing the [ Built ] version of [ Celerium.Auvik ] with [ HelpComment.Tests.ps1 ].[ Celerium.Auvik ] module help tests.[ Get-AuvikASMApplication ].[ Get-AuvikASMApplication ] - Parameter has a description - [ FilterDateAddedBefore ]" time="0.0048" asserts="0" success="True" result="Success" executed="True" />
                          <test-case description="[ Get-AuvikASMApplication ] - Parameter has a description - [ FilterDateAddedAfter ]" name="Testing the [ Built ] version of [ Celerium.Auvik ] with [ HelpComment.Tests.ps1 ].[ Celerium.Auvik ] module help tests.[ Get-AuvikASMApplication ].[ Get-AuvikASMApplication ] - Parameter has a description - [ FilterDateAddedAfter ]" time="0.009" asserts="0" success="True" result="Success" executed="True" />
                          <test-case description="[ Get-AuvikASMApplication ] - Parameter has a description - [ FilterQueryDate ]" name="Testing the [ Built ] version of [ Celerium.Auvik ] with [ HelpComment.Tests.ps1 ].[ Celerium.Auvik ] module help tests.[ Get-AuvikASMApplication ].[ Get-AuvikASMApplication ] - Parameter has a description - [ FilterQueryDate ]" time="0.0049" asserts="0" success="True" result="Success" executed="True" />
                          <test-case description="[ Get-AuvikASMApplication ] - Parameter has a description - [ FilterUserLastUsedAfter ]" name="Testing the [ Built ] version of [ Celerium.Auvik ] with [ HelpComment.Tests.ps1 ].[ Celerium.Auvik ] module help tests.[ Get-AuvikASMApplication ].[ Get-AuvikASMApplication ] - Parameter has a description - [ FilterUserLastUsedAfter ]" time="0.0052" asserts="0" success="True" result="Success" executed="True" />
                          <test-case description="[ Get-AuvikASMApplication ] - Parameter has a description - [ FilterUserLastUsedBefore ]" name="Testing the [ Built ] version of [ Celerium.Auvik ] with [ HelpComment.Tests.ps1 ].[ Celerium.Auvik ] module help tests.[ Get-AuvikASMApplication ].[ Get-AuvikASMApplication ] - Parameter has a description - [ FilterUserLastUsedBefore ]" time="0.0051" asserts="0" success="True" result="Success" executed="True" />
                          <test-case description="[ Get-AuvikASMApplication ] - Parameter has a description - [ Include ]" name="Testing the [ Built ] version of [ Celerium.Auvik ] with [ HelpComment.Tests.ps1 ].[ Celerium.Auvik ] module help tests.[ Get-AuvikASMApplication ].[ Get-AuvikASMApplication ] - Parameter has a description - [ Include ]" time="0.0051" asserts="0" success="True" result="Success" executed="True" />
                          <test-case description="[ Get-AuvikASMApplication ] - Parameter has a description - [ PageFirst ]" name="Testing the [ Built ] version of [ Celerium.Auvik ] with [ HelpComment.Tests.ps1 ].[ Celerium.Auvik ] module help tests.[ Get-AuvikASMApplication ].[ Get-AuvikASMApplication ] - Parameter has a description - [ PageFirst ]" time="0.0091" asserts="0" success="True" result="Success" executed="True" />
                          <test-case description="[ Get-AuvikASMApplication ] - Parameter has a description - [ PageAfter ]" name="Testing the [ Built ] version of [ Celerium.Auvik ] with [ HelpComment.Tests.ps1 ].[ Celerium.Auvik ] module help tests.[ Get-AuvikASMApplication ].[ Get-AuvikASMApplication ] - Parameter has a description - [ PageAfter ]" time="0.0051" asserts="0" success="True" result="Success" executed="True" />
                          <test-case description="[ Get-AuvikASMApplication ] - Parameter has a description - [ PageLast ]" name="Testing the [ Built ] version of [ Celerium.Auvik ] with [ HelpComment.Tests.ps1 ].[ Celerium.Auvik ] module help tests.[ Get-AuvikASMApplication ].[ Get-AuvikASMApplication ] - Parameter has a description - [ PageLast ]" time="0.0049" asserts="0" success="True" result="Success" executed="True" />
                          <test-case description="[ Get-AuvikASMApplication ] - Parameter has a description - [ PageBefore ]" name="Testing the [ Built ] version of [ Celerium.Auvik ] with [ HelpComment.Tests.ps1 ].[ Celerium.Auvik ] module help tests.[ Get-AuvikASMApplication ].[ Get-AuvikASMApplication ] - Parameter has a description - [ PageBefore ]" time="0.005" asserts="0" success="True" result="Success" executed="True" />
                          <test-case description="[ Get-AuvikASMApplication ] - Parameter has a description - [ AllResults ]" name="Testing the [ Built ] version of [ Celerium.Auvik ] with [ HelpComment.Tests.ps1 ].[ Celerium.Auvik ] module help tests.[ Get-AuvikASMApplication ].[ Get-AuvikASMApplication ] - Parameter has a description - [ AllResults ]" time="0.0049" asserts="0" success="True" result="Success" executed="True" />
                        </results>
                      </test-suite>
                      <test-suite type="ParameterizedTest" name="Testing the [ Built ] version of [ Celerium.Auvik ] with [ HelpComment.Tests.ps1 ].[ Celerium.Auvik ] module help tests.[ Get-AuvikASMApplication ].[ Get-AuvikASMApplication ] - Example has example code &amp; description   - [ &lt;_.title -replace '-'.''&gt; ]" executed="True" result="Success" success="True" time="0.0172" asserts="0" description="[ Get-AuvikASMApplication ] - Example has example code &amp; description   - [ &lt;_.title -replace '-'.''&gt; ]">
                        <results>
                          <test-case description="[ Get-AuvikASMApplication ] - Example has example code &amp; description   - [  EXAMPLE 1  ]" name="Testing the [ Built ] version of [ Celerium.Auvik ] with [ HelpComment.Tests.ps1 ].[ Celerium.Auvik ] module help tests.[ Get-AuvikASMApplication ].[ Get-AuvikASMApplication ] - Example has example code &amp; description   - [  EXAMPLE 1  ]" time="0.0069" asserts="0" success="True" result="Success" executed="True" />
                          <test-case description="[ Get-AuvikASMApplication ] - Example has example code &amp; description   - [  EXAMPLE 2  ]" name="Testing the [ Built ] version of [ Celerium.Auvik ] with [ HelpComment.Tests.ps1 ].[ Celerium.Auvik ] module help tests.[ Get-AuvikASMApplication ].[ Get-AuvikASMApplication ] - Example has example code &amp; description   - [  EXAMPLE 2  ]" time="0.0103" asserts="0" success="True" result="Success" executed="True" />
                        </results>
                      </test-suite>
                    </results>
                  </test-suite>
                </results>
              </test-suite>
              <test-suite type="TestFixture" name="Testing the [ Built ] version of [ Celerium.Auvik ] with [ HelpComment.Tests.ps1 ].[ Celerium.Auvik ] module help tests" executed="True" result="Success" success="True" time="0.9231" asserts="0" description="Testing the [ Built ] version of [ Celerium.Auvik ] with [ HelpComment.Tests.ps1 ].[ Celerium.Auvik ] module help tests">
                <results>
                  <test-suite type="TestFixture" name="Testing the [ Built ] version of [ Celerium.Auvik ] with [ HelpComment.Tests.ps1 ].[ Celerium.Auvik ] module help tests.[ Get-AuvikASMClient ]" executed="True" result="Success" success="True" time="0.1027" asserts="0" description="Testing the [ Built ] version of [ Celerium.Auvik ] with [ HelpComment.Tests.ps1 ].[ Celerium.Auvik ] module help tests.[ Get-AuvikASMClient ]">
                    <results>
                      <test-case description="[ Get-AuvikASMClient ] contains comment based help" name="Testing the [ Built ] version of [ Celerium.Auvik ] with [ HelpComment.Tests.ps1 ].[ Celerium.Auvik ] module help tests.[ Get-AuvikASMClient ].[ Get-AuvikASMClient ] contains comment based help" time="0.005" asserts="0" success="True" result="Success" executed="True" />
                      <test-case description="[ Get-AuvikASMClient ] contains a synopsis" name="Testing the [ Built ] version of [ Celerium.Auvik ] with [ HelpComment.Tests.ps1 ].[ Celerium.Auvik ] module help tests.[ Get-AuvikASMClient ].[ Get-AuvikASMClient ] contains a synopsis" time="0.0094" asserts="0" success="True" result="Success" executed="True" />
                      <test-case description="[ Get-AuvikASMClient ] contains a description" name="Testing the [ Built ] version of [ Celerium.Auvik ] with [ HelpComment.Tests.ps1 ].[ Celerium.Auvik ] module help tests.[ Get-AuvikASMClient ].[ Get-AuvikASMClient ] contains a description" time="0.0047" asserts="0" success="True" result="Success" executed="True" />
                      <test-case description="[ Get-AuvikASMClient ] contains at least one usage example" name="Testing the [ Built ] version of [ Celerium.Auvik ] with [ HelpComment.Tests.ps1 ].[ Celerium.Auvik ] module help tests.[ Get-AuvikASMClient ].[ Get-AuvikASMClient ] contains at least one usage example" time="0.0063" asserts="0" success="True" result="Success" executed="True" />
                      <test-case description="[ Get-AuvikASMClient ] contains a note" name="Testing the [ Built ] version of [ Celerium.Auvik ] with [ HelpComment.Tests.ps1 ].[ Celerium.Auvik ] module help tests.[ Get-AuvikASMClient ].[ Get-AuvikASMClient ] contains a note" time="0.0045" asserts="0" success="True" result="Success" executed="True" />
                      <test-case description="[ Get-AuvikASMClient ] contains a link" name="Testing the [ Built ] version of [ Celerium.Auvik ] with [ HelpComment.Tests.ps1 ].[ Celerium.Auvik ] module help tests.[ Get-AuvikASMClient ].[ Get-AuvikASMClient ] contains a link" time="0.0044" asserts="0" success="True" result="Success" executed="True" />
                      <test-suite type="ParameterizedTest" name="Testing the [ Built ] version of [ Celerium.Auvik ] with [ HelpComment.Tests.ps1 ].[ Celerium.Auvik ] module help tests.[ Get-AuvikASMClient ].[ Get-AuvikASMClient ] - Parameter has a description - [ &lt;_.name&gt; ]" executed="True" result="Success" success="True" time="0.0443" asserts="0" description="[ Get-AuvikASMClient ] - Parameter has a description - [ &lt;_.name&gt; ]">
                        <results>
                          <test-case description="[ Get-AuvikASMClient ] - Parameter has a description - [ Include ]" name="Testing the [ Built ] version of [ Celerium.Auvik ] with [ HelpComment.Tests.ps1 ].[ Celerium.Auvik ] module help tests.[ Get-AuvikASMClient ].[ Get-AuvikASMClient ] - Parameter has a description - [ Include ]" time="0.0092" asserts="0" success="True" result="Success" executed="True" />
                          <test-case description="[ Get-AuvikASMClient ] - Parameter has a description - [ FilterQueryDate ]" name="Testing the [ Built ] version of [ Celerium.Auvik ] with [ HelpComment.Tests.ps1 ].[ Celerium.Auvik ] module help tests.[ Get-AuvikASMClient ].[ Get-AuvikASMClient ] - Parameter has a description - [ FilterQueryDate ]" time="0.0053" asserts="0" success="True" result="Success" executed="True" />
                          <test-case description="[ Get-AuvikASMClient ] - Parameter has a description - [ PageFirst ]" name="Testing the [ Built ] version of [ Celerium.Auvik ] with [ HelpComment.Tests.ps1 ].[ Celerium.Auvik ] module help tests.[ Get-AuvikASMClient ].[ Get-AuvikASMClient ] - Parameter has a description - [ PageFirst ]" time="0.005" asserts="0" success="True" result="Success" executed="True" />
                          <test-case description="[ Get-AuvikASMClient ] - Parameter has a description - [ PageAfter ]" name="Testing the [ Built ] version of [ Celerium.Auvik ] with [ HelpComment.Tests.ps1 ].[ Celerium.Auvik ] module help tests.[ Get-AuvikASMClient ].[ Get-AuvikASMClient ] - Parameter has a description - [ PageAfter ]" time="0.0053" asserts="0" success="True" result="Success" executed="True" />
                          <test-case description="[ Get-AuvikASMClient ] - Parameter has a description - [ PageLast ]" name="Testing the [ Built ] version of [ Celerium.Auvik ] with [ HelpComment.Tests.ps1 ].[ Celerium.Auvik ] module help tests.[ Get-AuvikASMClient ].[ Get-AuvikASMClient ] - Parameter has a description - [ PageLast ]" time="0.005" asserts="0" success="True" result="Success" executed="True" />
                          <test-case description="[ Get-AuvikASMClient ] - Parameter has a description - [ PageBefore ]" name="Testing the [ Built ] version of [ Celerium.Auvik ] with [ HelpComment.Tests.ps1 ].[ Celerium.Auvik ] module help tests.[ Get-AuvikASMClient ].[ Get-AuvikASMClient ] - Parameter has a description - [ PageBefore ]" time="0.0049" asserts="0" success="True" result="Success" executed="True" />
                          <test-case description="[ Get-AuvikASMClient ] - Parameter has a description - [ AllResults ]" name="Testing the [ Built ] version of [ Celerium.Auvik ] with [ HelpComment.Tests.ps1 ].[ Celerium.Auvik ] module help tests.[ Get-AuvikASMClient ].[ Get-AuvikASMClient ] - Parameter has a description - [ AllResults ]" time="0.0096" asserts="0" success="True" result="Success" executed="True" />
                        </results>
                      </test-suite>
                      <test-suite type="ParameterizedTest" name="Testing the [ Built ] version of [ Celerium.Auvik ] with [ HelpComment.Tests.ps1 ].[ Celerium.Auvik ] module help tests.[ Get-AuvikASMClient ].[ Get-AuvikASMClient ] - Example has example code &amp; description   - [ &lt;_.title -replace '-'.''&gt; ]" executed="True" result="Success" success="True" time="0.0128" asserts="0" description="[ Get-AuvikASMClient ] - Example has example code &amp; description   - [ &lt;_.title -replace '-'.''&gt; ]">
                        <results>
                          <test-case description="[ Get-AuvikASMClient ] - Example has example code &amp; description   - [  EXAMPLE 1  ]" name="Testing the [ Built ] version of [ Celerium.Auvik ] with [ HelpComment.Tests.ps1 ].[ Celerium.Auvik ] module help tests.[ Get-AuvikASMClient ].[ Get-AuvikASMClient ] - Example has example code &amp; description   - [  EXAMPLE 1  ]" time="0.0063" asserts="0" success="True" result="Success" executed="True" />
                          <test-case description="[ Get-AuvikASMClient ] - Example has example code &amp; description   - [  EXAMPLE 2  ]" name="Testing the [ Built ] version of [ Celerium.Auvik ] with [ HelpComment.Tests.ps1 ].[ Celerium.Auvik ] module help tests.[ Get-AuvikASMClient ].[ Get-AuvikASMClient ] - Example has example code &amp; description   - [  EXAMPLE 2  ]" time="0.0065" asserts="0" success="True" result="Success" executed="True" />
                        </results>
                      </test-suite>
                    </results>
                  </test-suite>
                </results>
              </test-suite>
              <test-suite type="TestFixture" name="Testing the [ Built ] version of [ Celerium.Auvik ] with [ HelpComment.Tests.ps1 ].[ Celerium.Auvik ] module help tests" executed="True" result="Success" success="True" time="1.043" asserts="0" description="Testing the [ Built ] version of [ Celerium.Auvik ] with [ HelpComment.Tests.ps1 ].[ Celerium.Auvik ] module help tests">
                <results>
                  <test-suite type="TestFixture" name="Testing the [ Built ] version of [ Celerium.Auvik ] with [ HelpComment.Tests.ps1 ].[ Celerium.Auvik ] module help tests.[ Get-AuvikASMSecurityLog ]" executed="True" result="Success" success="True" time="0.1118" asserts="0" description="Testing the [ Built ] version of [ Celerium.Auvik ] with [ HelpComment.Tests.ps1 ].[ Celerium.Auvik ] module help tests.[ Get-AuvikASMSecurityLog ]">
                    <results>
                      <test-case description="[ Get-AuvikASMSecurityLog ] contains comment based help" name="Testing the [ Built ] version of [ Celerium.Auvik ] with [ HelpComment.Tests.ps1 ].[ Celerium.Auvik ] module help tests.[ Get-AuvikASMSecurityLog ].[ Get-AuvikASMSecurityLog ] contains comment based help" time="0.0052" asserts="0" success="True" result="Success" executed="True" />
[...]
        <results>
          <test-suite type="TestFixture" name="Testing [ Add-AuvikBaseURI ] functions with [ Add-AuvikBaseURI.Tests.ps1 ]" executed="True" result="Success" success="True" time="0.0861" asserts="0" description="Testing [ Add-AuvikBaseURI ] functions with [ Add-AuvikBaseURI.Tests.ps1 ]">
            <results>
              <test-suite type="TestFixture" name="Testing [ Add-AuvikBaseURI ] functions with [ Add-AuvikBaseURI.Tests.ps1 ].[ Add-AuvikBaseURI ] testing functions" executed="True" result="Success" success="True" time="0.0788" asserts="0" description="Testing [ Add-AuvikBaseURI ] functions with [ Add-AuvikBaseURI.Tests.ps1 ].[ Add-AuvikBaseURI ] testing functions">
                <results>
                  <test-case description="[ Add-AuvikBaseURI ] should have an alias of [ Set-AuvikBaseURI ]" name="Testing [ Add-AuvikBaseURI ] functions with [ Add-AuvikBaseURI.Tests.ps1 ].[ Add-AuvikBaseURI ] testing functions.[ Add-AuvikBaseURI ] should have an alias of [ Set-AuvikBaseURI ]" time="0.0056" asserts="0" success="True" result="Success" executed="True" />
                  <test-case description="Without parameters should return the default URI" name="Testing [ Add-AuvikBaseURI ] functions with [ Add-AuvikBaseURI.Tests.ps1 ].[ Add-AuvikBaseURI ] testing functions.Without parameters should return the default URI" time="0.0069" asserts="0" success="True" result="Success" executed="True" />
                  <test-case description="Should accept a value from the pipeline" name="Testing [ Add-AuvikBaseURI ] functions with [ Add-AuvikBaseURI.Tests.ps1 ].[ Add-AuvikBaseURI ] testing functions.Should accept a value from the pipeline" time="0.0061" asserts="0" success="True" result="Success" executed="True" />
                  <test-case description="With parameter -BaseUri  should return what was inputted" name="Testing [ Add-AuvikBaseURI ] functions with [ Add-AuvikBaseURI.Tests.ps1 ].[ Add-AuvikBaseURI ] testing functions.With parameter -BaseUri  should return what was inputted" time="0.0069" asserts="0" success="True" result="Success" executed="True" />
                  <test-case description="With parameter -DataCenter should return the default URIs" name="Testing [ Add-AuvikBaseURI ] functions with [ Add-AuvikBaseURI.Tests.ps1 ].[ Add-AuvikBaseURI ] testing functions.With parameter -DataCenter should return the default URIs" time="0.0263" asserts="0" success="True" result="Success" executed="True" />
                  <test-case description="With invalid parameter value -DataCenter Space should return an error" name="Testing [ Add-AuvikBaseURI ] functions with [ Add-AuvikBaseURI.Tests.ps1 ].[ Add-AuvikBaseURI ] testing functions.With invalid parameter value -DataCenter Space should return an error" time="0.007" asserts="0" success="True" result="Success" executed="True" />
                  <test-case description="The default URI should NOT contain a trailing forward slash" name="Testing [ Add-AuvikBaseURI ] functions with [ Add-AuvikBaseURI.Tests.ps1 ].[ Add-AuvikBaseURI ] testing functions.The default URI should NOT contain a trailing forward slash" time="0.0053" asserts="0" success="True" result="Success" executed="True" />
                  <test-case description="A custom URI should NOT contain a trailing forward slash" name="Testing [ Add-AuvikBaseURI ] functions with [ Add-AuvikBaseURI.Tests.ps1 ].[ Add-AuvikBaseURI ] testing functions.A custom URI should NOT contain a trailing forward slash" time="0.0055" asserts="0" success="True" result="Success" executed="True" />
                </results>
              </test-suite>
            </results>
          </test-suite>
        </results>
      </test-suite>
      <test-suite type="TestFixture" name="C:\Celerium\Projects\_API\Celerium.Auvik\tests\Private\BaseUri\Get-AuvikBaseURI.Tests.ps1" executed="True" result="Success" success="True" time="0.1808" asserts="0" description="C:\Celerium\Projects\_API\Celerium.Auvik\tests\Private\BaseUri\Get-AuvikBaseURI.Tests.ps1">
        <results>
          <test-suite type="TestFixture" name="Testing [ Get-AuvikBaseURI ] function with [ Get-AuvikBaseURI.Tests.ps1 ]" executed="True" result="Success" success="True" time="0.0829" asserts="0" description="Testing [ Get-AuvikBaseURI ] function with [ Get-AuvikBaseURI.Tests.ps1 ]">
            <results>
              <test-suite type="TestFixture" name="Testing [ Get-AuvikBaseURI ] function with [ Get-AuvikBaseURI.Tests.ps1 ].[ Get-AuvikBaseURI ] testing function" executed="True" result="Success" success="True" time="0.075" asserts="0" description="Testing [ Get-AuvikBaseURI ] function with [ Get-AuvikBaseURI.Tests.ps1 ].[ Get-AuvikBaseURI ] testing function">
                <results>
                  <test-case description="The default URI should be returned" name="Testing [ Get-AuvikBaseURI ] function with [ Get-AuvikBaseURI.Tests.ps1 ].[ Get-AuvikBaseURI ] testing function.The default URI should be returned" time="0.0071" asserts="0" success="True" result="Success" executed="True" />
                  <test-case description="The URI should be a string" name="Testing [ Get-AuvikBaseURI ] function with [ Get-AuvikBaseURI.Tests.ps1 ].[ Get-AuvikBaseURI ] testing function.The URI should be a string" time="0.0086" asserts="0" success="True" result="Success" executed="True" />
                  <test-case description="The default URI should NOT contain a trailing forward slash" name="Testing [ Get-AuvikBaseURI ] function with [ Get-AuvikBaseURI.Tests.ps1 ].[ Get-AuvikBaseURI ] testing function.The default URI should NOT contain a trailing forward slash" time="0.0054" asserts="0" success="True" result="Success" executed="True" />
                  <test-case description="A custom URI should NOT contain a trailing forward slash" name="Testing [ Get-AuvikBaseURI ] function with [ Get-AuvikBaseURI.Tests.ps1 ].[ Get-AuvikBaseURI ] testing function.A custom URI should NOT contain a trailing forward slash" time="0.0395" asserts="0" success="True" result="Success" executed="True" />
                  <test-case description="If the baseUri is not set a warning should be thrown" name="Testing [ Get-AuvikBaseURI ] function with [ Get-AuvikBaseURI.Tests.ps1 ].[ Get-AuvikBaseURI ] testing function.If the baseUri is not set a warning should be thrown" time="0.0056" asserts="0" success="True" result="Success" executed="True" />
                </results>
              </test-suite>
            </results>
          </test-suite>
        </results>
      </test-suite>
      <test-suite type="TestFixture" name="C:\Celerium\Projects\_API\Celerium.Auvik\tests\Private\BaseUri\Remove-AuvikBaseURI.Tests.ps1" executed="True" result="Success" success="True" time="0.1222" asserts="0" description="C:\Celerium\Projects\_API\Celerium.Auvik\tests\Private\BaseUri\Remove-AuvikBaseURI.Tests.ps1">
        <results>
          <test-suite type="TestFixture" name="Testing [ Remove-AuvikBaseURI ] function with [ Remove-AuvikBaseURI.Tests.ps1 ]" executed="True" result="Success" success="True" time="0.0312" asserts="0" description="Testing [ Remove-AuvikBaseURI ] function with [ Remove-AuvikBaseURI.Tests.ps1 ]">
            <results>
              <test-suite type="TestFixture" name="Testing [ Remove-AuvikBaseURI ] function with [ Remove-AuvikBaseURI.Tests.ps1 ].[ Remove-AuvikBaseURI ] testing function" executed="True" result="Success" success="True" time="0.0202" asserts="0" description="Testing [ Remove-AuvikBaseURI ] function with [ Remove-AuvikBaseURI.Tests.ps1 ].[ Remove-AuvikBaseURI ] testing function">
                <results>
                  <test-case description="The baseUri variable should not longer exist" name="Testing [ Remove-AuvikBaseURI ] function with [ Remove-AuvikBaseURI.Tests.ps1 ].[ Remove-AuvikBaseURI ] testing function.The baseUri variable should not longer exist" time="0.0061" asserts="0" success="True" result="Success" executed="True" />
                  <test-case description="If the baseUri is already gone a warning should be thrown" name="Testing [ Remove-AuvikBaseURI ] function with [ Remove-AuvikBaseURI.Tests.ps1 ].[ Remove-AuvikBaseURI ] testing function.If the baseUri is already gone a warning should be thrown" time="0.0061" asserts="0" success="True" result="Success" executed="True" />
                </results>
              </test-suite>
            </results>
          </test-suite>
        </results>
      </test-suite>
      <test-suite type="TestFixture" name="C:\Celerium\Projects\_API\Celerium.Auvik\tests\Private\ModuleSettings\Export-AuvikModuleSettings.Tests.ps1" executed="True" result="Success" success="True" time="0.172" asserts="0" description="C:\Celerium\Projects\_API\Celerium.Auvik\tests\Private\ModuleSettings\Export-AuvikModuleSettings.Tests.ps1">
        <results>
          <test-suite type="TestFixture" name="Testing [ Export-AuvikModuleSettings ] function with [ Export-AuvikModuleSettings.Tests.ps1 ]" executed="True" result="Success" success="True" time="0.0743" asserts="0" description="Testing [ Export-AuvikModuleSettings ] function with [ Export-AuvikModuleSettings.Tests.ps1 ]">
            <results>
              <test-suite type="TestFixture" name="Testing [ Export-AuvikModuleSettings ] function with [ Export-AuvikModuleSettings.Tests.ps1 ].[ Export-AuvikModuleSettings ] testing function" executed="True" result="Success" success="True" time="0.0662" asserts="0" description="Testing [ Export-AuvikModuleSettings ] function with [ Export-AuvikModuleSettings.Tests.ps1 ].[ Export-AuvikModuleSettings ] testing function">
                <results>
                  <test-case description="Should export successfully" name="Testing [ Export-AuvikModuleSettings ] function with [ Export-AuvikModuleSettings.Tests.ps1 ].[ Export-AuvikModuleSettings ] testing function.Should export successfully" time="0.0132" asserts="0" success="True" result="Success" executed="True" />
                  <test-case description="Configuration directory should be hidden" name="Testing [ Export-AuvikModuleSettings ] function with [ Export-AuvikModuleSettings.Tests.ps1 ].[ Export-AuvikModuleSettings ] testing function.Configuration directory should be hidden" time="0.0163" asserts="0" success="True" result="Success" executed="True" />
                  <test-case description="Configuration file should contain required values" name="Testing [ Export-AuvikModuleSettings ] function with [ Export-AuvikModuleSettings.Tests.ps1 ].[ Export-AuvikModuleSettings ] testing function.Configuration file should contain required values" time="0.0281" asserts="0" success="True" result="Success" executed="True" />
                </results>
              </test-suite>
            </results>
          </test-suite>
        </results>
      </test-suite>
      <test-suite type="TestFixture" name="C:\Celerium\Projects\_API\Celerium.Auvik\tests\Private\ModuleSettings\Get-AuvikModuleSettings.Tests.ps1" executed="True" result="Success" success="True" time="0.1797" asserts="0" description="C:\Celerium\Projects\_API\Celerium.Auvik\tests\Private\ModuleSettings\Get-AuvikModuleSettings.Tests.ps1">
        <results>
          <test-suite type="TestFixture" name="Testing [ Get-AuvikModuleSettings ] function with [ Get-AuvikModuleSettings.Tests.ps1 ]" executed="True" result="Success" success="True" time="0.0787" asserts="0" description="Testing [ Get-AuvikModuleSettings ] function with [ Get-AuvikModuleSettings.Tests.ps1 ]">
            <results>
              <test-suite type="TestFixture" name="Testing [ Get-AuvikModuleSettings ] function with [ Get-AuvikModuleSettings.Tests.ps1 ].[ Get-AuvikModuleSettings ] testing function" executed="True" result="Success" success="True" time="0.0709" asserts="0" description="Testing [ Get-AuvikModuleSettings ] function with [ Get-AuvikModuleSettings.Tests.ps1 ].[ Get-AuvikModuleSettings ] testing function">
                <results>
                  <test-case description="Configuration directory should be hidden" name="Testing [ Get-AuvikModuleSettings ] function with [ Get-AuvikModuleSettings.Tests.ps1 ].[ Get-AuvikModuleSettings ] testing function.Configuration directory should be hidden" time="0.0111" asserts="0" success="True" result="Success" executed="True" />
                  <test-case description="Configuration file should contain required values" name="Testing [ Get-AuvikModuleSettings ] function with [ Get-AuvikModuleSettings.Tests.ps1 ].[ Get-AuvikModuleSettings ] testing function.Configuration file should contain required values" time="0.0517" asserts="0" success="True" result="Success" executed="True" />
                </results>
              </test-suite>
            </results>
          </test-suite>
        </results>
      </test-suite>
      <test-suite type="TestFixture" name="C:\Celerium\Projects\_API\Celerium.Auvik\tests\Private\ModuleSettings\Import-AuvikModuleSettings.Tests.ps1" executed="True" result="Success" success="True" time="0.2189" asserts="0" description="C:\Celerium\Projects\_API\Celerium.Auvik\tests\Private\ModuleSettings\Import-AuvikModuleSettings.Tests.ps1">
        <results>
          <test-suite type="TestFixture" name="Testing [ Import-AuvikModuleSettings ] function with [ Import-AuvikModuleSettings.Tests.ps1 ]" executed="True" result="Success" success="True" time="0.1231" asserts="0" description="Testing [ Import-AuvikModuleSettings ] function with [ Import-AuvikModuleSettings.Tests.ps1 ]">
            <results>
              <test-suite type="TestFixture" name="Testing [ Import-AuvikModuleSettings ] function with [ Import-AuvikModuleSettings.Tests.ps1 ].[ Import-AuvikModuleSettings ] testing function" executed="True" result="Success" success="True" time="0.1153" asserts="0" description="Testing [ Import-AuvikModuleSettings ] function with [ Import-AuvikModuleSettings.Tests.ps1 ].[ Import-AuvikModuleSettings ] testing function">
                <results>
                  <test-case description="No configuration should populate baseline variables" name="Testing [ Import-AuvikModuleSettings ] function with [ Import-AuvikModuleSettings.Tests.ps1 ].[ Import-AuvikModuleSettings ] testing function.No configuration should populate baseline variables" time="0.0163" asserts="0" success="True" result="Success" executed="True" />
                  <test-case description="Saved configuration session should contain required variables" name="Testing [ Import-AuvikModuleSettings ] function with [ Import-AuvikModuleSettings.Tests.ps1 ].[ Import-AuvikModuleSettings ] testing function.Saved configuration session should contain required variables" time="0.0458" asserts="0" success="True" result="Success" executed="True" />
                  <test-case description="Saved configuration session should NOT contain temp variables" name="Testing [ Import-AuvikModuleSettings ] function with [ Import-AuvikModuleSettings.Tests.ps1 ].[ Import-AuvikModuleSettings ] testing function.Saved configuration session should NOT contain temp variables" time="0.0411" asserts="0" success="True" result="Success" executed="True" />
                </results>
              </test-suite>
            </results>
          </test-suite>
        </results>
      </test-suite>
      <test-suite type="TestFixture" name="C:\Celerium\Projects\_API\Celerium.Auvik\tests\Private\ModuleSettings\Initialize-AuvikModuleSettings.Tests.ps1" executed="True" result="Success" success="True" time="0.1858" asserts="0" description="C:\Celerium\Projects\_API\Celerium.Auvik\tests\Private\ModuleSettings\Initialize-AuvikModuleSettings.Tests.ps1">
        <results>
          <test-suite type="TestFixture" name="Testing [ Initialize-AuvikModuleSettings ] function with [ Initialize-AuvikModuleSettings.Tests.ps1 ]" executed="True" result="Success" success="True" time="0.0906" asserts="0" description="Testing [ Initialize-AuvikModuleSettings ] function with [ Initialize-AuvikModuleSettings.Tests.ps1 ]">
            <results>
              <test-suite type="TestFixture" name="Testing [ Initialize-AuvikModuleSettings ] function with [ Initialize-AuvikModuleSettings.Tests.ps1 ].[ Initialize-AuvikModuleSettings ] testing function" executed="True" result="Success" success="True" time="0.0827" asserts="0" description="Testing [ Initialize-AuvikModuleSettings ] function with [ Initialize-AuvikModuleSettings.Tests.ps1 ].[ Initialize-AuvikModuleSettings ] testing function">
                <results>
                  <test-case description="When imported WITHOUT a saved configuration baseline variables should exist" name="Testing [ Initialize-AuvikModuleSettings ] function with [ Initialize-AuvikModuleSettings.Tests.ps1 ].[ Initialize-AuvikModuleSettings ] testing function.When imported WITHOUT a saved configuration baseline variables should exist" time="0.0286" asserts="0" success="True" result="Success" executed="True" />
                  <test-case description="When imported WITh a saved configuration baseline variables should exist" name="Testing [ Initialize-AuvikModuleSettings ] function with [ Initialize-AuvikModuleSettings.Tests.ps1 ].[ Initialize-AuvikModuleSettings ] testing function.When imported WITh a saved configuration baseline variables should exist" time="0.0457" asserts="0" success="True" result="Success" executed="True" />
                </results>
              </test-suite>
            </results>
          </test-suite>
        </results>
      </test-suite>
      <test-suite type="TestFixture" name="C:\Celerium\Projects\_API\Celerium.Auvik\tests\Private\ModuleSettings\Remove-AuvikModuleSettings.Tests.ps1" executed="True" result="Success" success="True" time="0.1698" asserts="0" description="C:\Celerium\Projects\_API\Celerium.Auvik\tests\Private\ModuleSettings\Remove-AuvikModuleSettings.Tests.ps1">
        <results>
          <test-suite type="TestFixture" name="Testing [ Remove-AuvikModuleSettings ] function with [ Remove-AuvikModuleSettings.Tests.ps1 ]" executed="True" result="Success" success="True" time="0.0674" asserts="0" description="Testing [ Remove-AuvikModuleSettings ] function with [ Remove-AuvikModuleSettings.Tests.ps1 ]">
            <results>
              <test-suite type="TestFixture" name="Testing [ Remove-AuvikModuleSettings ] function with [ Remove-AuvikModuleSettings.Tests.ps1 ].[ Remove-AuvikModuleSettings ] testing function" executed="True" result="Success" success="True" time="0.0596" asserts="0" description="Testing [ Remove-AuvikModuleSettings ] function with [ Remove-AuvikModuleSettings.Tests.ps1 ].[ Remove-AuvikModuleSettings ] testing function">
                <results>
                  <test-case description="No configuration should throw a warning" name="Testing [ Remove-AuvikModuleSettings ] function with [ Remove-AuvikModuleSettings.Tests.ps1 ].[ Remove-AuvikModuleSettings ] testing function.No configuration should throw a warning" time="0.0062" asserts="0" success="True" result="Success" executed="True" />
                  <test-case description="Saved configuration should be removed" name="Testing [ Remove-AuvikModuleSettings ] function with [ Remove-AuvikModuleSettings.Tests.ps1 ].[ Remove-AuvikModuleSettings ] testing function.Saved configuration should be removed" time="0.0222" asserts="0" success="True" result="Success" executed="True" />
                  <test-case description="Saved configuration &amp; variables should be removed" name="Testing [ Remove-AuvikModuleSettings ] function with [ Remove-AuvikModuleSettings.Tests.ps1 ].[ Remove-AuvikModuleSettings ] testing function.Saved configuration &amp; variables should be removed" time="0.0192" asserts="0" success="True" result="Success" executed="True" />
                </results>
              </test-suite>
            </results>
          </test-suite>
        </results>
      </test-suite>
    </results>
  </test-suite>
</test-results>